[2025/04/14 02:17:22]: §9          __             _       
[2025/04/14 02:17:22]: §9  _ __   / /  ___   __ _(_)_ __  
[2025/04/14 02:17:22]: §9 | '_ \ / /  / _ \ / _` | | '_ \ 
[2025/04/14 02:17:22]: §9 | | | / /__| (_) | (_| | | | | |
[2025/04/14 02:17:22]: §9 |_| |_\____/\___/ \__, |_|_| |_|
[2025/04/14 02:17:22]: §9                  |___/            
[2025/04/14 02:17:22]: §9 By: www.nickuc.com - V 10.3.27
[2025/04/14 02:17:22]: §9 
[2025/04/14 02:17:22]: §3[nLogin] [DEBUG] All settings were loaded in 196 ms.
[2025/04/14 02:17:22]: §3[nLogin] [DEBUG] Loading the messages_en.yml message file...
[2025/04/14 02:17:22]: §3[nLogin] [DEBUG] All plugin messages were loaded in 85 ms (languageByClient=false).
[2025/04/14 02:17:22]: §3[nLogin] [DEBUG] All proxy settings were loaded in 20 ms.
[2025/04/14 02:17:22]: §3[nLogin] [DEBUG] Loading database...
[2025/04/14 02:17:22]: §3[nLogin] [DEBUG] Starting logger filter...
[2025/04/14 02:17:27]: 
[2025/04/14 02:17:27]:  §bThank you so much for choosing nLogin! §4<3
[2025/04/14 02:17:27]: 
[2025/04/14 02:17:27]:  §4For your safety, please read the message below:
[2025/04/14 02:17:27]:   §cNever download nLogin from unknown sources.
[2025/04/14 02:17:27]:   §cA modified version may contain malicious software.
[2025/04/14 02:17:27]: 
[2025/04/14 02:17:27]:  §3Trusted sources:
[2025/04/14 02:17:27]:   §bwww.nickuc.com
[2025/04/14 02:17:27]:   §bwww.github.com/nickuc
[2025/04/14 02:17:27]:   §bOpeNLogin installer (from Spigot or GitHub)
[2025/04/14 02:17:27]: 
[2025/04/14 02:17:27]:  §3Official support channels:
[2025/04/14 02:17:27]:   §bDiscord group: §fwww.nickuc.com/discord
[2025/04/14 02:17:27]:   §bDocumentation: §fdocs.nickuc.com/nlogin/
[2025/04/14 02:17:27]:   §bEmail: §fsupport@nickuc.com
[2025/04/14 02:17:27]:   §bYouTube: §fyoutube.com/nickuc
[2025/04/14 02:17:27]: 
[2025/04/14 02:17:27]:  §eTo remove this warning, log in with "nlogin.admin" permission on the server
[2025/04/14 02:17:27]:  §eand click the "Setup plugin" button to configure your plugin.
[2025/04/14 02:17:27]: 
[2025/04/14 02:35:40]: §3[nLogin] [DEBUG] [SQLite] [UPDATE]: "UPDATE `nlogin` SET `last_name` = 'Teowj', `unique_id` = d20793927619391c81b777fe24f9b668,  `mojang_id` = null,  `bedrock_id` = null,  `password` = '$2a$10$IZidslS7GBHI6J3VoWheluBYxdaIC63giaQ3XW4HfcRllLTaLDMhO', `last_ip` = '0:0:0:0:0:0:0:1%0', `creation_date` = 2025-04-12 08:40:16.152, `last_seen` = 2025-04-14 02:35:40.901, `email` = null, `discord` = null, `settings` = '{"settings":[{"value":"survival","key":"last-server"},{"value":"en","key":"language"}],"version":0}' WHERE `ai` = 1" (applied to [last_ip, last_seen, settings] columns)
[2025/04/14 02:35:40]: [nLogin] The user Teowj has successfully logged in.
