[2025/04/13 03:04:33]: §9          __             _       
[2025/04/13 03:04:33]: §9  _ __   / /  ___   __ _(_)_ __  
[2025/04/13 03:04:33]: §9 | '_ \ / /  / _ \ / _` | | '_ \ 
[2025/04/13 03:04:33]: §9 | | | / /__| (_) | (_| | | | | |
[2025/04/13 03:04:33]: §9 |_| |_\____/\___/ \__, |_|_| |_|
[2025/04/13 03:04:33]: §9                  |___/            
[2025/04/13 03:04:33]: §9 By: www.nickuc.com - V 10.3.27
[2025/04/13 03:04:33]: §9 
[2025/04/13 03:04:34]: §3[nLogin] [DEBUG] All settings were loaded in 1569 ms.
[2025/04/13 03:04:35]: §3[nLogin] [DEBUG] Loading the messages_en.yml message file...
[2025/04/13 03:04:35]: §3[nLogin] [DEBUG] All plugin messages were loaded in 338 ms (languageByClient=false).
[2025/04/13 03:04:35]: §3[nLogin] [DEBUG] All proxy settings were loaded in 30 ms.
[2025/04/13 03:04:35]: §3[nLogin] [DEBUG] Loading database...
[2025/04/13 03:04:36]: §3[nLogin] [DEBUG] Starting logger filter...
[2025/04/13 03:04:41]: 
[2025/04/13 03:04:41]:  §bThank you so much for choosing nLogin! §4<3
[2025/04/13 03:04:41]: 
[2025/04/13 03:04:41]:  §4For your safety, please read the message below:
[2025/04/13 03:04:41]:   §cNever download nLogin from unknown sources.
[2025/04/13 03:04:41]:   §cA modified version may contain malicious software.
[2025/04/13 03:04:41]: 
[2025/04/13 03:04:41]:  §3Trusted sources:
[2025/04/13 03:04:41]:   §bwww.nickuc.com
[2025/04/13 03:04:41]:   §bwww.github.com/nickuc
[2025/04/13 03:04:41]:   §bOpeNLogin installer (from Spigot or GitHub)
[2025/04/13 03:04:41]: 
[2025/04/13 03:04:41]:  §3Official support channels:
[2025/04/13 03:04:41]:   §bDiscord group: §fwww.nickuc.com/discord
[2025/04/13 03:04:41]:   §bDocumentation: §fdocs.nickuc.com/nlogin/
[2025/04/13 03:04:41]:   §bEmail: §fsupport@nickuc.com
[2025/04/13 03:04:41]:   §bYouTube: §fyoutube.com/nickuc
[2025/04/13 03:04:41]: 
[2025/04/13 03:04:41]:  §eTo remove this warning, log in with "nlogin.admin" permission on the server
[2025/04/13 03:04:41]:  §eand click the "Setup plugin" button to configure your plugin.
[2025/04/13 03:04:41]: 
