[2025/04/15 07:10:31]: §9          __             _       
[2025/04/15 07:10:31]: §9  _ __   / /  ___   __ _(_)_ __  
[2025/04/15 07:10:31]: §9 | '_ \ / /  / _ \ / _` | | '_ \ 
[2025/04/15 07:10:31]: §9 | | | / /__| (_) | (_| | | | | |
[2025/04/15 07:10:31]: §9 |_| |_\____/\___/ \__, |_|_| |_|
[2025/04/15 07:10:31]: §9                  |___/            
[2025/04/15 07:10:31]: §9 By: www.nickuc.com - V 10.3.27
[2025/04/15 07:10:31]: §9 
[2025/04/15 07:10:32]: §3[nLogin] [DEBUG] All settings were loaded in 940 ms.
[2025/04/15 07:10:33]: §3[nLogin] [DEBUG] Loading the messages_en.yml message file...
[2025/04/15 07:10:33]: §3[nLogin] [DEBUG] All plugin messages were loaded in 322 ms (languageByClient=false).
[2025/04/15 07:10:33]: §3[nLogin] [DEBUG] All proxy settings were loaded in 49 ms.
[2025/04/15 07:10:33]: §3[nLogin] [DEBUG] Loading database...
[2025/04/15 07:10:34]: §3[nLogin] [DEBUG] Starting logger filter...
[2025/04/15 07:10:39]: 
[2025/04/15 07:10:39]:  §bThank you so much for choosing nLogin! §4<3
[2025/04/15 07:10:39]: 
[2025/04/15 07:10:39]:  §4For your safety, please read the message below:
[2025/04/15 07:10:39]:   §cNever download nLogin from unknown sources.
[2025/04/15 07:10:39]:   §cA modified version may contain malicious software.
[2025/04/15 07:10:39]: 
[2025/04/15 07:10:39]:  §3Trusted sources:
[2025/04/15 07:10:39]:   §bwww.nickuc.com
[2025/04/15 07:10:39]:   §bwww.github.com/nickuc
[2025/04/15 07:10:39]:   §bOpeNLogin installer (from Spigot or GitHub)
[2025/04/15 07:10:39]: 
[2025/04/15 07:10:39]:  §3Official support channels:
[2025/04/15 07:10:39]:   §bDiscord group: §fwww.nickuc.com/discord
[2025/04/15 07:10:39]:   §bDocumentation: §fdocs.nickuc.com/nlogin/
[2025/04/15 07:10:39]:   §bEmail: §fsupport@nickuc.com
[2025/04/15 07:10:39]:   §bYouTube: §fyoutube.com/nickuc
[2025/04/15 07:10:39]: 
[2025/04/15 07:10:39]:  §eTo remove this warning, log in with "nlogin.admin" permission on the server
[2025/04/15 07:10:39]:  §eand click the "Setup plugin" button to configure your plugin.
[2025/04/15 07:10:39]: 
[2025/04/15 07:10:47]: §3[nLogin] [DEBUG] [SQLite] [UPDATE]: "UPDATE `nlogin` SET `last_name` = 'GX_', `unique_id` = a2758f7e5a833f309ba6cd1099f873f3,  `mojang_id` = null,  `bedrock_id` = null,  `password` = '$2a$10$ULr2pSC9q8QRnfslYj31yeLlp/IKPRRYXZbYU3iCqe0gaxXKA6OJC', `last_ip` = '0:0:0:0:0:0:0:1%0', `creation_date` = 2025-04-12 08:40:19.009, `last_seen` = 2025-04-15 07:10:47.4, `email` = null, `discord` = null, `settings` = '{"settings":[{"value":"survival","key":"last-server"},{"value":"en","key":"language"}],"version":0}' WHERE `ai` = 2" (applied to [last_ip, last_seen, settings] columns)
[2025/04/15 07:10:47]: [nLogin] The user GX_ has successfully logged in.
[2025/04/15 07:13:52]: §3[nLogin] [DEBUG] [SQLite] [UPDATE]: "UPDATE `nlogin` SET `last_name` = 'GX_', `unique_id` = a2758f7e5a833f309ba6cd1099f873f3,  `mojang_id` = null,  `bedrock_id` = null,  `password` = '$2a$10$ULr2pSC9q8QRnfslYj31yeLlp/IKPRRYXZbYU3iCqe0gaxXKA6OJC', `last_ip` = '0:0:0:0:0:0:0:1%0', `creation_date` = 2025-04-12 08:40:19.009, `last_seen` = 2025-04-15 07:13:52.8, `email` = null, `discord` = null, `settings` = '{"settings":[{"value":"survival","key":"last-server"},{"value":"en","key":"language"}],"version":0}' WHERE `ai` = 2" (applied to [last_seen, settings] columns)
[2025/04/15 07:28:25]: §3[nLogin] [DEBUG] [SQLite] [UPDATE]: "UPDATE `nlogin` SET `last_name` = 'GX_', `unique_id` = a2758f7e5a833f309ba6cd1099f873f3,  `mojang_id` = null,  `bedrock_id` = null,  `password` = '$2a$10$ULr2pSC9q8QRnfslYj31yeLlp/IKPRRYXZbYU3iCqe0gaxXKA6OJC', `last_ip` = '0:0:0:0:0:0:0:1%0', `creation_date` = 2025-04-12 08:40:19.009, `last_seen` = 2025-04-15 07:28:25.971, `email` = null, `discord` = null, `settings` = '{"settings":[{"value":"survival","key":"last-server"},{"value":"en","key":"language"}],"version":0}' WHERE `ai` = 2" (applied to [last_ip, last_seen, settings] columns)
[2025/04/15 07:28:25]: [nLogin] The user GX_ has successfully logged in.
[2025/04/15 07:38:06]: §3[nLogin] [DEBUG] [SQLite] [UPDATE]: "UPDATE `nlogin` SET `last_name` = 'JJ_', `unique_id` = 81ba02c27b573045a729631ef9ba1671,  `mojang_id` = null,  `bedrock_id` = null,  `password` = '$2a$10$T.QV.mXsSZLY2XmxptZzd.iLyLV58ZhdLA5nB0vsirW3ebTTlyZXe', `last_ip` = '0:0:0:0:0:0:0:1%0', `creation_date` = 2025-04-12 08:40:33.227, `last_seen` = 2025-04-15 07:38:06.964, `email` = null, `discord` = null, `settings` = '{"settings":[{"value":"survival","key":"last-server"},{"value":"en","key":"language"}],"version":0}' WHERE `ai` = 3" (applied to [last_ip, last_seen, settings] columns)
[2025/04/15 07:38:06]: [nLogin] The user JJ_ has successfully logged in.
[2025/04/15 07:58:27]: §3[nLogin] [DEBUG] [SQLite] [UPDATE]: "UPDATE `nlogin` SET `last_name` = 'GX_', `unique_id` = a2758f7e5a833f309ba6cd1099f873f3,  `mojang_id` = null,  `bedrock_id` = null,  `password` = '$2a$10$ULr2pSC9q8QRnfslYj31yeLlp/IKPRRYXZbYU3iCqe0gaxXKA6OJC', `last_ip` = '0:0:0:0:0:0:0:1%0', `creation_date` = 2025-04-12 08:40:19.009, `last_seen` = 2025-04-15 07:58:27.339, `email` = null, `discord` = null, `settings` = '{"settings":[{"value":"survival","key":"last-server"},{"value":"en","key":"language"}],"version":0}' WHERE `ai` = 2" (applied to [last_seen, settings] columns)
[2025/04/15 08:17:51]: §3[nLogin] [DEBUG] [SQLite] [UPDATE]: "UPDATE `nlogin` SET `last_name` = 'GX_', `unique_id` = a2758f7e5a833f309ba6cd1099f873f3,  `mojang_id` = null,  `bedrock_id` = null,  `password` = '$2a$10$ULr2pSC9q8QRnfslYj31yeLlp/IKPRRYXZbYU3iCqe0gaxXKA6OJC', `last_ip` = '0:0:0:0:0:0:0:1%0', `creation_date` = 2025-04-12 08:40:19.009, `last_seen` = 2025-04-15 08:17:51.323, `email` = null, `discord` = null, `settings` = '{"settings":[{"value":"survival","key":"last-server"},{"value":"en","key":"language"}],"version":0}' WHERE `ai` = 2" (applied to [last_ip, last_seen, settings] columns)
[2025/04/15 08:17:51]: [nLogin] The user GX_ has successfully logged in.
