[2025/04/12 08:39:08]: §9          __             _       
[2025/04/12 08:39:08]: §9  _ __   / /  ___   __ _(_)_ __  
[2025/04/12 08:39:08]: §9 | '_ \ / /  / _ \ / _` | | '_ \ 
[2025/04/12 08:39:08]: §9 | | | / /__| (_) | (_| | | | | |
[2025/04/12 08:39:08]: §9 |_| |_\____/\___/ \__, |_|_| |_|
[2025/04/12 08:39:08]: §9                  |___/            
[2025/04/12 08:39:08]: §9 By: www.nickuc.com - V 10.3.27
[2025/04/12 08:39:08]: §9 
[2025/04/12 08:39:09]: §3[nLogin] [DEBUG] All settings were loaded in 350 ms.
[2025/04/12 08:39:09]: §3[nLogin] [DEBUG] Loading the messages_en.yml message file...
[2025/04/12 08:39:09]: §3[nLogin] [DEBUG] All plugin messages were loaded in 98 ms (languageByClient=false).
[2025/04/12 08:39:09]: [nLogin] Download finished (took 767ms, hash = 6c77ce3c8214b402522c06127d69415d29b44b8b2229d241799ee27510166343)
[2025/04/12 08:39:09]: §3[nLogin] [DEBUG] All proxy settings were loaded in 45 ms.
[2025/04/12 08:39:09]: §3[nLogin] [DEBUG] Loading database...
[2025/04/12 08:39:10]: [nLogin] Generating RSA keypair... (this may take a while)
[2025/04/12 08:39:11]: [nLogin] The RSA key pair was successfully generated. Took 1.72s
[2025/04/12 08:39:12]: §3[nLogin] [DEBUG] Starting logger filter...
[2025/04/12 08:39:17]: 
[2025/04/12 08:39:17]:  §bThank you so much for choosing nLogin! §4<3
[2025/04/12 08:39:17]: 
[2025/04/12 08:39:17]:  §4For your safety, please read the message below:
[2025/04/12 08:39:17]:   §cNever download nLogin from unknown sources.
[2025/04/12 08:39:17]:   §cA modified version may contain malicious software.
[2025/04/12 08:39:17]: 
[2025/04/12 08:39:17]:  §3Trusted sources:
[2025/04/12 08:39:17]:   §bwww.nickuc.com
[2025/04/12 08:39:17]:   §bwww.github.com/nickuc
[2025/04/12 08:39:17]:   §bOpeNLogin installer (from Spigot or GitHub)
[2025/04/12 08:39:17]: 
[2025/04/12 08:39:17]:  §3Official support channels:
[2025/04/12 08:39:17]:   §bDiscord group: §fwww.nickuc.com/discord
[2025/04/12 08:39:17]:   §bDocumentation: §fdocs.nickuc.com/nlogin/
[2025/04/12 08:39:17]:   §bEmail: §fsupport@nickuc.com
[2025/04/12 08:39:17]:   §bYouTube: §fyoutube.com/nickuc
[2025/04/12 08:39:17]: 
[2025/04/12 08:39:17]:  §eTo remove this warning, log in with "nlogin.admin" permission on the server
[2025/04/12 08:39:17]:  §eand click the "Setup plugin" button to configure your plugin.
[2025/04/12 08:39:17]: 
[2025/04/12 08:40:16]: §3[nLogin] [DEBUG] [SQLite] [UPDATE]: "INSERT INTO `nlogin` (`last_name`, `unique_id`, `mojang_id`, `bedrock_id`, `password`, `last_ip`, `creation_date`, `last_seen`, `email`, `discord`, `settings`) VALUES ('Teowj', d20793927619391c81b777fe24f9b668, null, null, '$2a$10$IZidslS7GBHI6J3VoWheluBYxdaIC63giaQ3XW4HfcRllLTaLDMhO', '0:0:0:0:0:0:0:1%0', '2025-04-12 08:40:16.152', '2025-04-12 08:40:16.152', null, null, null)" (applied to all columns)
[2025/04/12 08:40:16]: [nLogin] The user Teowj has successfully registered.
[2025/04/12 08:40:19]: §3[nLogin] [DEBUG] [SQLite] [UPDATE]: "INSERT INTO `nlogin` (`last_name`, `unique_id`, `mojang_id`, `bedrock_id`, `password`, `last_ip`, `creation_date`, `last_seen`, `email`, `discord`, `settings`) VALUES ('GX_', a2758f7e5a833f309ba6cd1099f873f3, null, null, '$2a$10$ULr2pSC9q8QRnfslYj31yeLlp/IKPRRYXZbYU3iCqe0gaxXKA6OJC', '0:0:0:0:0:0:0:1%0', '2025-04-12 08:40:19.009', '2025-04-12 08:40:19.009', null, null, null)" (applied to all columns)
[2025/04/12 08:40:19]: [nLogin] The user GX_ has successfully registered.
[2025/04/12 08:40:33]: §3[nLogin] [DEBUG] [SQLite] [UPDATE]: "INSERT INTO `nlogin` (`last_name`, `unique_id`, `mojang_id`, `bedrock_id`, `password`, `last_ip`, `creation_date`, `last_seen`, `email`, `discord`, `settings`) VALUES ('JJ_', 81ba02c27b573045a729631ef9ba1671, null, null, '$2a$10$T.QV.mXsSZLY2XmxptZzd.iLyLV58ZhdLA5nB0vsirW3ebTTlyZXe', '0:0:0:0:0:0:0:1%0', '2025-04-12 08:40:33.227', '2025-04-12 08:40:33.227', null, null, null)" (applied to all columns)
[2025/04/12 08:40:33]: [nLogin] The user JJ_ has successfully registered.
[2025/04/12 08:47:12]: §3[nLogin] [DEBUG] [SQLite] [UPDATE]: "UPDATE `nlogin` SET `last_name` = 'GX_', `unique_id` = a2758f7e5a833f309ba6cd1099f873f3,  `mojang_id` = null,  `bedrock_id` = null,  `password` = '$2a$10$ULr2pSC9q8QRnfslYj31yeLlp/IKPRRYXZbYU3iCqe0gaxXKA6OJC', `last_ip` = '0:0:0:0:0:0:0:1%0', `creation_date` = 2025-04-12 08:40:19.009, `last_seen` = 2025-04-12 08:47:12.365, `email` = null, `discord` = null, `settings` = '{"settings":[{"value":"lobby","key":"last-server"},{"value":"en","key":"language"}],"version":0}' WHERE `ai` = 2" (applied to [last_seen, settings] columns)
[2025/04/12 08:47:13]: §3[nLogin] [DEBUG] [SQLite] [UPDATE]: "UPDATE `nlogin` SET `last_name` = 'Teowj', `unique_id` = d20793927619391c81b777fe24f9b668,  `mojang_id` = null,  `bedrock_id` = null,  `password` = '$2a$10$IZidslS7GBHI6J3VoWheluBYxdaIC63giaQ3XW4HfcRllLTaLDMhO', `last_ip` = '0:0:0:0:0:0:0:1%0', `creation_date` = 2025-04-12 08:40:16.152, `last_seen` = 2025-04-12 08:47:13.071, `email` = null, `discord` = null, `settings` = '{"settings":[{"value":"lobby","key":"last-server"},{"value":"en","key":"language"}],"version":0}' WHERE `ai` = 1" (applied to [last_seen, settings] columns)
[2025/04/12 08:47:17]: §3[nLogin] [DEBUG] [SQLite] [UPDATE]: "UPDATE `nlogin` SET `last_name` = 'JJ_', `unique_id` = 81ba02c27b573045a729631ef9ba1671,  `mojang_id` = null,  `bedrock_id` = null,  `password` = '$2a$10$T.QV.mXsSZLY2XmxptZzd.iLyLV58ZhdLA5nB0vsirW3ebTTlyZXe', `last_ip` = '0:0:0:0:0:0:0:1%0', `creation_date` = 2025-04-12 08:40:33.227, `last_seen` = 2025-04-12 08:47:17.685, `email` = null, `discord` = null, `settings` = '{"settings":[{"value":"lobby","key":"last-server"},{"value":"en","key":"language"}],"version":0}' WHERE `ai` = 3" (applied to [last_seen, settings] columns)
[2025/04/12 08:47:20]: §3[nLogin] [DEBUG] [SQLite] [UPDATE]: "UPDATE `nlogin` SET `last_name` = 'GX_', `unique_id` = a2758f7e5a833f309ba6cd1099f873f3,  `mojang_id` = null,  `bedrock_id` = null,  `password` = '$2a$10$ULr2pSC9q8QRnfslYj31yeLlp/IKPRRYXZbYU3iCqe0gaxXKA6OJC', `last_ip` = '0:0:0:0:0:0:0:1%0', `creation_date` = 2025-04-12 08:40:19.009, `last_seen` = 2025-04-12 08:47:20.642, `email` = null, `discord` = null, `settings` = '{"settings":[{"value":"lobby","key":"last-server"},{"value":"en","key":"language"}],"version":0}' WHERE `ai` = 2" (applied to [last_ip, last_seen, settings] columns)
[2025/04/12 08:47:20]: [nLogin] The user GX_ has successfully logged in.
[2025/04/12 08:47:49]: §3[nLogin] [DEBUG] [SQLite] [UPDATE]: "UPDATE `nlogin` SET `last_name` = 'JJ_', `unique_id` = 81ba02c27b573045a729631ef9ba1671,  `mojang_id` = null,  `bedrock_id` = null,  `password` = '$2a$10$T.QV.mXsSZLY2XmxptZzd.iLyLV58ZhdLA5nB0vsirW3ebTTlyZXe', `last_ip` = '0:0:0:0:0:0:0:1%0', `creation_date` = 2025-04-12 08:40:33.227, `last_seen` = 2025-04-12 08:47:49.025, `email` = null, `discord` = null, `settings` = '{"settings":[{"value":"lobby","key":"last-server"},{"value":"en","key":"language"}],"version":0}' WHERE `ai` = 3" (applied to [last_ip, last_seen, settings] columns)
[2025/04/12 08:47:49]: [nLogin] The user JJ_ has successfully logged in.
[2025/04/12 08:48:02]: §3[nLogin] [DEBUG] [SQLite] [UPDATE]: "UPDATE `nlogin` SET `last_name` = 'JJ_', `unique_id` = 81ba02c27b573045a729631ef9ba1671,  `mojang_id` = null,  `bedrock_id` = null,  `password` = '$2a$10$T.QV.mXsSZLY2XmxptZzd.iLyLV58ZhdLA5nB0vsirW3ebTTlyZXe', `last_ip` = '0:0:0:0:0:0:0:1%0', `creation_date` = 2025-04-12 08:40:33.227, `last_seen` = 2025-04-12 08:48:02.032, `email` = null, `discord` = null, `settings` = '{"settings":[{"value":"survival","key":"last-server"},{"value":"en","key":"language"}],"version":0}' WHERE `ai` = 3" (applied to [last_seen, settings] columns)
[2025/04/12 08:48:06]: §3[nLogin] [DEBUG] [SQLite] [UPDATE]: "UPDATE `nlogin` SET `last_name` = 'Teowj', `unique_id` = d20793927619391c81b777fe24f9b668,  `mojang_id` = null,  `bedrock_id` = null,  `password` = '$2a$10$IZidslS7GBHI6J3VoWheluBYxdaIC63giaQ3XW4HfcRllLTaLDMhO', `last_ip` = '0:0:0:0:0:0:0:1%0', `creation_date` = 2025-04-12 08:40:16.152, `last_seen` = 2025-04-12 08:48:06.699, `email` = null, `discord` = null, `settings` = '{"settings":[{"value":"lobby","key":"last-server"},{"value":"en","key":"language"}],"version":0}' WHERE `ai` = 1" (applied to [last_ip, last_seen, settings] columns)
[2025/04/12 08:48:06]: [nLogin] The user Teowj has successfully logged in.
[2025/04/12 08:48:21]: §3[nLogin] [DEBUG] [SQLite] [UPDATE]: "UPDATE `nlogin` SET `last_name` = 'JJ_', `unique_id` = 81ba02c27b573045a729631ef9ba1671,  `mojang_id` = null,  `bedrock_id` = null,  `password` = '$2a$10$T.QV.mXsSZLY2XmxptZzd.iLyLV58ZhdLA5nB0vsirW3ebTTlyZXe', `last_ip` = '0:0:0:0:0:0:0:1%0', `creation_date` = 2025-04-12 08:40:33.227, `last_seen` = 2025-04-12 08:48:21.767, `email` = null, `discord` = null, `settings` = '{"settings":[{"value":"survival","key":"last-server"},{"value":"en","key":"language"}],"version":0}' WHERE `ai` = 3" (applied to [last_ip, last_seen, settings] columns)
[2025/04/12 08:48:21]: [nLogin] The user JJ_ has successfully logged in.
[2025/04/12 08:48:35]: §3[nLogin] [DEBUG] [SQLite] [UPDATE]: "UPDATE `nlogin` SET `last_name` = 'JJ_', `unique_id` = 81ba02c27b573045a729631ef9ba1671,  `mojang_id` = null,  `bedrock_id` = null,  `password` = '$2a$10$T.QV.mXsSZLY2XmxptZzd.iLyLV58ZhdLA5nB0vsirW3ebTTlyZXe', `last_ip` = '0:0:0:0:0:0:0:1%0', `creation_date` = 2025-04-12 08:40:33.227, `last_seen` = 2025-04-12 08:48:35.782, `email` = null, `discord` = null, `settings` = '{"settings":[{"value":"survival","key":"last-server"},{"value":"en","key":"language"}],"version":0}' WHERE `ai` = 3" (applied to [last_seen, settings] columns)
[2025/04/12 08:49:40]: §3[nLogin] [DEBUG] The JJ_ (0:0:0:0:0:0:0:1%0) player entered an incorrect password
[2025/04/12 08:49:55]: §3[nLogin] [DEBUG] [SQLite] [UPDATE]: "UPDATE `nlogin` SET `last_name` = 'JJ_', `unique_id` = 81ba02c27b573045a729631ef9ba1671,  `mojang_id` = null,  `bedrock_id` = null,  `password` = '$2a$10$T.QV.mXsSZLY2XmxptZzd.iLyLV58ZhdLA5nB0vsirW3ebTTlyZXe', `last_ip` = '0:0:0:0:0:0:0:1%0', `creation_date` = 2025-04-12 08:40:33.227, `last_seen` = 2025-04-12 08:49:55.692, `email` = null, `discord` = null, `settings` = '{"settings":[{"value":"survival","key":"last-server"},{"value":"en","key":"language"}],"version":0}' WHERE `ai` = 3" (applied to [last_ip, last_seen, settings] columns)
[2025/04/12 08:49:55]: [nLogin] The user JJ_ has successfully logged in.
[2025/04/12 08:51:11]: §3[nLogin] [DEBUG] [SQLite] [UPDATE]: "UPDATE `nlogin` SET `last_name` = 'Teowj', `unique_id` = d20793927619391c81b777fe24f9b668,  `mojang_id` = null,  `bedrock_id` = null,  `password` = '$2a$10$IZidslS7GBHI6J3VoWheluBYxdaIC63giaQ3XW4HfcRllLTaLDMhO', `last_ip` = '0:0:0:0:0:0:0:1%0', `creation_date` = 2025-04-12 08:40:16.152, `last_seen` = 2025-04-12 08:51:11.273, `email` = null, `discord` = null, `settings` = '{"settings":[{"value":"survival","key":"last-server"},{"value":"en","key":"language"}],"version":0}' WHERE `ai` = 1" (applied to [last_seen, settings] columns)
[2025/04/12 08:51:31]: §3[nLogin] [DEBUG] [SQLite] [UPDATE]: "UPDATE `nlogin` SET `last_name` = 'Teowj', `unique_id` = d20793927619391c81b777fe24f9b668,  `mojang_id` = null,  `bedrock_id` = null,  `password` = '$2a$10$IZidslS7GBHI6J3VoWheluBYxdaIC63giaQ3XW4HfcRllLTaLDMhO', `last_ip` = '0:0:0:0:0:0:0:1%0', `creation_date` = 2025-04-12 08:40:16.152, `last_seen` = 2025-04-12 08:51:31.418, `email` = null, `discord` = null, `settings` = '{"settings":[{"value":"survival","key":"last-server"},{"value":"en","key":"language"}],"version":0}' WHERE `ai` = 1" (applied to [last_ip, last_seen, settings] columns)
[2025/04/12 08:51:31]: [nLogin] The user Teowj has successfully logged in.
[2025/04/12 08:52:14]: §3[nLogin] [DEBUG] [SQLite] [UPDATE]: "UPDATE `nlogin` SET `last_name` = 'Teowj', `unique_id` = d20793927619391c81b777fe24f9b668,  `mojang_id` = null,  `bedrock_id` = null,  `password` = '$2a$10$IZidslS7GBHI6J3VoWheluBYxdaIC63giaQ3XW4HfcRllLTaLDMhO', `last_ip` = '0:0:0:0:0:0:0:1%0', `creation_date` = 2025-04-12 08:40:16.152, `last_seen` = 2025-04-12 08:52:14.022, `email` = null, `discord` = null, `settings` = '{"settings":[{"value":"survival","key":"last-server"},{"value":"en","key":"language"}],"version":0}' WHERE `ai` = 1" (applied to [last_seen, settings] columns)
[2025/04/12 08:53:40]: §3[nLogin] [DEBUG] [SQLite] [UPDATE]: "UPDATE `nlogin` SET `last_name` = 'Teowj', `unique_id` = d20793927619391c81b777fe24f9b668,  `mojang_id` = null,  `bedrock_id` = null,  `password` = '$2a$10$IZidslS7GBHI6J3VoWheluBYxdaIC63giaQ3XW4HfcRllLTaLDMhO', `last_ip` = '0:0:0:0:0:0:0:1%0', `creation_date` = 2025-04-12 08:40:16.152, `last_seen` = 2025-04-12 08:53:40.323, `email` = null, `discord` = null, `settings` = '{"settings":[{"value":"survival","key":"last-server"},{"value":"en","key":"language"}],"version":0}' WHERE `ai` = 1" (applied to [last_ip, last_seen, settings] columns)
[2025/04/12 08:53:40]: [nLogin] The user Teowj has successfully logged in.
[2025/04/12 08:54:53]: §3[nLogin] [DEBUG] [SQLite] [UPDATE]: "UPDATE `nlogin` SET `last_name` = 'JJ_', `unique_id` = 81ba02c27b573045a729631ef9ba1671,  `mojang_id` = null,  `bedrock_id` = null,  `password` = '$2a$10$T.QV.mXsSZLY2XmxptZzd.iLyLV58ZhdLA5nB0vsirW3ebTTlyZXe', `last_ip` = '0:0:0:0:0:0:0:1%0', `creation_date` = 2025-04-12 08:40:33.227, `last_seen` = 2025-04-12 08:54:53.558, `email` = null, `discord` = null, `settings` = '{"settings":[{"value":"survival","key":"last-server"},{"value":"en","key":"language"}],"version":0}' WHERE `ai` = 3" (applied to [last_seen, settings] columns)
[2025/04/12 08:54:59]: §3[nLogin] [DEBUG] [SQLite] [UPDATE]: "UPDATE `nlogin` SET `last_name` = 'Teowj', `unique_id` = d20793927619391c81b777fe24f9b668,  `mojang_id` = null,  `bedrock_id` = null,  `password` = '$2a$10$IZidslS7GBHI6J3VoWheluBYxdaIC63giaQ3XW4HfcRllLTaLDMhO', `last_ip` = '0:0:0:0:0:0:0:1%0', `creation_date` = 2025-04-12 08:40:16.152, `last_seen` = 2025-04-12 08:54:59.073, `email` = null, `discord` = null, `settings` = '{"settings":[{"value":"survival","key":"last-server"},{"value":"en","key":"language"}],"version":0}' WHERE `ai` = 1" (applied to [last_seen, settings] columns)
[2025/04/12 08:55:03]: §3[nLogin] [DEBUG] [SQLite] [UPDATE]: "UPDATE `nlogin` SET `last_name` = 'JJ_', `unique_id` = 81ba02c27b573045a729631ef9ba1671,  `mojang_id` = null,  `bedrock_id` = null,  `password` = '$2a$10$T.QV.mXsSZLY2XmxptZzd.iLyLV58ZhdLA5nB0vsirW3ebTTlyZXe', `last_ip` = '0:0:0:0:0:0:0:1%0', `creation_date` = 2025-04-12 08:40:33.227, `last_seen` = 2025-04-12 08:55:03.711, `email` = null, `discord` = null, `settings` = '{"settings":[{"value":"survival","key":"last-server"},{"value":"en","key":"language"}],"version":0}' WHERE `ai` = 3" (applied to [last_ip, last_seen, settings] columns)
[2025/04/12 08:55:03]: [nLogin] The user JJ_ has successfully logged in.
[2025/04/12 08:55:10]: §3[nLogin] [DEBUG] [SQLite] [UPDATE]: "UPDATE `nlogin` SET `last_name` = 'Teowj', `unique_id` = d20793927619391c81b777fe24f9b668,  `mojang_id` = null,  `bedrock_id` = null,  `password` = '$2a$10$IZidslS7GBHI6J3VoWheluBYxdaIC63giaQ3XW4HfcRllLTaLDMhO', `last_ip` = '0:0:0:0:0:0:0:1%0', `creation_date` = 2025-04-12 08:40:16.152, `last_seen` = 2025-04-12 08:55:10.542, `email` = null, `discord` = null, `settings` = '{"settings":[{"value":"survival","key":"last-server"},{"value":"en","key":"language"}],"version":0}' WHERE `ai` = 1" (applied to [last_ip, last_seen, settings] columns)
[2025/04/12 08:55:10]: [nLogin] The user Teowj has successfully logged in.
[2025/04/12 08:55:10]: §3[nLogin] [DEBUG] [SQLite] [UPDATE]: "UPDATE `nlogin` SET `last_name` = 'JJ_', `unique_id` = 81ba02c27b573045a729631ef9ba1671,  `mojang_id` = null,  `bedrock_id` = null,  `password` = '$2a$10$T.QV.mXsSZLY2XmxptZzd.iLyLV58ZhdLA5nB0vsirW3ebTTlyZXe', `last_ip` = '0:0:0:0:0:0:0:1%0', `creation_date` = 2025-04-12 08:40:33.227, `last_seen` = 2025-04-12 08:55:10.711, `email` = null, `discord` = null, `settings` = '{"settings":[{"value":"survival","key":"last-server"},{"value":"en","key":"language"}],"version":0}' WHERE `ai` = 3" (applied to [last_seen, settings] columns)
[2025/04/12 08:56:00]: §3[nLogin] [DEBUG] [SQLite] [UPDATE]: "UPDATE `nlogin` SET `last_name` = 'JJ_', `unique_id` = 81ba02c27b573045a729631ef9ba1671,  `mojang_id` = null,  `bedrock_id` = null,  `password` = '$2a$10$T.QV.mXsSZLY2XmxptZzd.iLyLV58ZhdLA5nB0vsirW3ebTTlyZXe', `last_ip` = '0:0:0:0:0:0:0:1%0', `creation_date` = 2025-04-12 08:40:33.227, `last_seen` = 2025-04-12 08:56:00.695, `email` = null, `discord` = null, `settings` = '{"settings":[{"value":"survival","key":"last-server"},{"value":"en","key":"language"}],"version":0}' WHERE `ai` = 3" (applied to [last_ip, last_seen, settings] columns)
[2025/04/12 08:56:00]: [nLogin] The user JJ_ has successfully logged in.
[2025/04/12 09:01:39]: §3[nLogin] [DEBUG] [SQLite] [UPDATE]: "UPDATE `nlogin` SET `last_name` = 'JJ_', `unique_id` = 81ba02c27b573045a729631ef9ba1671,  `mojang_id` = null,  `bedrock_id` = null,  `password` = '$2a$10$T.QV.mXsSZLY2XmxptZzd.iLyLV58ZhdLA5nB0vsirW3ebTTlyZXe', `last_ip` = '0:0:0:0:0:0:0:1%0', `creation_date` = 2025-04-12 08:40:33.227, `last_seen` = 2025-04-12 09:01:39.973, `email` = null, `discord` = null, `settings` = '{"settings":[{"value":"lobby","key":"last-server"},{"value":"en","key":"language"}],"version":0}' WHERE `ai` = 3" (applied to [last_seen, settings] columns)
[2025/04/12 09:01:41]: §3[nLogin] [DEBUG] [SQLite] [UPDATE]: "UPDATE `nlogin` SET `last_name` = 'Teowj', `unique_id` = d20793927619391c81b777fe24f9b668,  `mojang_id` = null,  `bedrock_id` = null,  `password` = '$2a$10$IZidslS7GBHI6J3VoWheluBYxdaIC63giaQ3XW4HfcRllLTaLDMhO', `last_ip` = '0:0:0:0:0:0:0:1%0', `creation_date` = 2025-04-12 08:40:16.152, `last_seen` = 2025-04-12 09:01:41.776, `email` = null, `discord` = null, `settings` = '{"settings":[{"value":"lobby","key":"last-server"},{"value":"en","key":"language"}],"version":0}' WHERE `ai` = 1" (applied to [last_seen, settings] columns)
[2025/04/12 09:01:45]: §3[nLogin] [DEBUG] [SQLite] [UPDATE]: "UPDATE `nlogin` SET `last_name` = 'GX_', `unique_id` = a2758f7e5a833f309ba6cd1099f873f3,  `mojang_id` = null,  `bedrock_id` = null,  `password` = '$2a$10$ULr2pSC9q8QRnfslYj31yeLlp/IKPRRYXZbYU3iCqe0gaxXKA6OJC', `last_ip` = '0:0:0:0:0:0:0:1%0', `creation_date` = 2025-04-12 08:40:19.009, `last_seen` = 2025-04-12 09:01:45.684, `email` = null, `discord` = null, `settings` = '{"settings":[{"value":"lobby","key":"last-server"},{"value":"en","key":"language"}],"version":0}' WHERE `ai` = 2" (applied to [last_seen, settings] columns)
[2025/04/12 09:01:52]: §3[nLogin] [DEBUG] [SQLite] [UPDATE]: "UPDATE `nlogin` SET `last_name` = 'GX_', `unique_id` = a2758f7e5a833f309ba6cd1099f873f3,  `mojang_id` = null,  `bedrock_id` = null,  `password` = '$2a$10$ULr2pSC9q8QRnfslYj31yeLlp/IKPRRYXZbYU3iCqe0gaxXKA6OJC', `last_ip` = '0:0:0:0:0:0:0:1%0', `creation_date` = 2025-04-12 08:40:19.009, `last_seen` = 2025-04-12 09:01:52.503, `email` = null, `discord` = null, `settings` = '{"settings":[{"value":"lobby","key":"last-server"},{"value":"en","key":"language"}],"version":0}' WHERE `ai` = 2" (applied to [last_ip, last_seen, settings] columns)
[2025/04/12 09:01:52]: [nLogin] The user GX_ has successfully logged in.
[2025/04/12 09:02:01]: §3[nLogin] [DEBUG] [SQLite] [UPDATE]: "UPDATE `nlogin` SET `last_name` = 'JJ_', `unique_id` = 81ba02c27b573045a729631ef9ba1671,  `mojang_id` = null,  `bedrock_id` = null,  `password` = '$2a$10$T.QV.mXsSZLY2XmxptZzd.iLyLV58ZhdLA5nB0vsirW3ebTTlyZXe', `last_ip` = '0:0:0:0:0:0:0:1%0', `creation_date` = 2025-04-12 08:40:33.227, `last_seen` = 2025-04-12 09:02:01.151, `email` = null, `discord` = null, `settings` = '{"settings":[{"value":"lobby","key":"last-server"},{"value":"en","key":"language"}],"version":0}' WHERE `ai` = 3" (applied to [last_ip, last_seen, settings] columns)
[2025/04/12 09:02:01]: [nLogin] The user JJ_ has successfully logged in.
[2025/04/12 09:02:22]: §3[nLogin] [DEBUG] [SQLite] [UPDATE]: "UPDATE `nlogin` SET `last_name` = 'Teowj', `unique_id` = d20793927619391c81b777fe24f9b668,  `mojang_id` = null,  `bedrock_id` = null,  `password` = '$2a$10$IZidslS7GBHI6J3VoWheluBYxdaIC63giaQ3XW4HfcRllLTaLDMhO', `last_ip` = '0:0:0:0:0:0:0:1%0', `creation_date` = 2025-04-12 08:40:16.152, `last_seen` = 2025-04-12 09:02:22.052, `email` = null, `discord` = null, `settings` = '{"settings":[{"value":"lobby","key":"last-server"},{"value":"en","key":"language"}],"version":0}' WHERE `ai` = 1" (applied to [last_ip, last_seen, settings] columns)
[2025/04/12 09:02:22]: [nLogin] The user Teowj has successfully logged in.
[2025/04/12 09:55:01]: §3[nLogin] [DEBUG] [SQLite] [UPDATE]: "UPDATE `nlogin` SET `last_name` = 'GX_', `unique_id` = a2758f7e5a833f309ba6cd1099f873f3,  `mojang_id` = null,  `bedrock_id` = null,  `password` = '$2a$10$ULr2pSC9q8QRnfslYj31yeLlp/IKPRRYXZbYU3iCqe0gaxXKA6OJC', `last_ip` = '0:0:0:0:0:0:0:1%0', `creation_date` = 2025-04-12 08:40:19.009, `last_seen` = 2025-04-12 09:55:01.209, `email` = null, `discord` = null, `settings` = '{"settings":[{"value":"survival","key":"last-server"},{"value":"en","key":"language"}],"version":0}' WHERE `ai` = 2" (applied to [last_seen, settings] columns)
[2025/04/12 09:55:35]: §3[nLogin] [DEBUG] [SQLite] [UPDATE]: "UPDATE `nlogin` SET `last_name` = 'GX_', `unique_id` = a2758f7e5a833f309ba6cd1099f873f3,  `mojang_id` = null,  `bedrock_id` = null,  `password` = '$2a$10$ULr2pSC9q8QRnfslYj31yeLlp/IKPRRYXZbYU3iCqe0gaxXKA6OJC', `last_ip` = '0:0:0:0:0:0:0:1%0', `creation_date` = 2025-04-12 08:40:19.009, `last_seen` = 2025-04-12 09:55:35.568, `email` = null, `discord` = null, `settings` = '{"settings":[{"value":"survival","key":"last-server"},{"value":"en","key":"language"}],"version":0}' WHERE `ai` = 2" (applied to [last_ip, last_seen, settings] columns)
[2025/04/12 09:55:35]: [nLogin] The user GX_ has successfully logged in.
[2025/04/12 09:56:01]: §3[nLogin] [DEBUG] [SQLite] [UPDATE]: "UPDATE `nlogin` SET `last_name` = 'GX_', `unique_id` = a2758f7e5a833f309ba6cd1099f873f3,  `mojang_id` = null,  `bedrock_id` = null,  `password` = '$2a$10$ULr2pSC9q8QRnfslYj31yeLlp/IKPRRYXZbYU3iCqe0gaxXKA6OJC', `last_ip` = '0:0:0:0:0:0:0:1%0', `creation_date` = 2025-04-12 08:40:19.009, `last_seen` = 2025-04-12 09:56:01.191, `email` = null, `discord` = null, `settings` = '{"settings":[{"value":"survival","key":"last-server"},{"value":"en","key":"language"}],"version":0}' WHERE `ai` = 2" (applied to [last_seen, settings] columns)
[2025/04/12 10:03:04]: §3[nLogin] [DEBUG] [SQLite] [UPDATE]: "UPDATE `nlogin` SET `last_name` = 'JJ_', `unique_id` = 81ba02c27b573045a729631ef9ba1671,  `mojang_id` = null,  `bedrock_id` = null,  `password` = '$2a$10$T.QV.mXsSZLY2XmxptZzd.iLyLV58ZhdLA5nB0vsirW3ebTTlyZXe', `last_ip` = '0:0:0:0:0:0:0:1%0', `creation_date` = 2025-04-12 08:40:33.227, `last_seen` = 2025-04-12 10:03:04.17, `email` = null, `discord` = null, `settings` = '{"settings":[{"value":"survival","key":"last-server"},{"value":"en","key":"language"}],"version":0}' WHERE `ai` = 3" (applied to [last_seen, settings] columns)
[2025/04/12 10:09:44]: §3[nLogin] [DEBUG] [SQLite] [UPDATE]: "UPDATE `nlogin` SET `last_name` = 'GX_', `unique_id` = a2758f7e5a833f309ba6cd1099f873f3,  `mojang_id` = null,  `bedrock_id` = null,  `password` = '$2a$10$ULr2pSC9q8QRnfslYj31yeLlp/IKPRRYXZbYU3iCqe0gaxXKA6OJC', `last_ip` = '0:0:0:0:0:0:0:1%0', `creation_date` = 2025-04-12 08:40:19.009, `last_seen` = 2025-04-12 10:09:44.688, `email` = null, `discord` = null, `settings` = '{"settings":[{"value":"survival","key":"last-server"},{"value":"en","key":"language"}],"version":0}' WHERE `ai` = 2" (applied to [last_ip, last_seen, settings] columns)
[2025/04/12 10:09:44]: [nLogin] The user GX_ has successfully logged in.
[2025/04/12 10:12:54]: §3[nLogin] [DEBUG] [SQLite] [UPDATE]: "UPDATE `nlogin` SET `last_name` = 'GX_', `unique_id` = a2758f7e5a833f309ba6cd1099f873f3,  `mojang_id` = null,  `bedrock_id` = null,  `password` = '$2a$10$ULr2pSC9q8QRnfslYj31yeLlp/IKPRRYXZbYU3iCqe0gaxXKA6OJC', `last_ip` = '0:0:0:0:0:0:0:1%0', `creation_date` = 2025-04-12 08:40:19.009, `last_seen` = 2025-04-12 10:12:54.688, `email` = null, `discord` = null, `settings` = '{"settings":[{"value":"survival","key":"last-server"},{"value":"en","key":"language"}],"version":0}' WHERE `ai` = 2" (applied to [last_seen, settings] columns)
[2025/04/12 10:13:45]: §3[nLogin] [DEBUG] [SQLite] [UPDATE]: "UPDATE `nlogin` SET `last_name` = 'GX_', `unique_id` = a2758f7e5a833f309ba6cd1099f873f3,  `mojang_id` = null,  `bedrock_id` = null,  `password` = '$2a$10$ULr2pSC9q8QRnfslYj31yeLlp/IKPRRYXZbYU3iCqe0gaxXKA6OJC', `last_ip` = '0:0:0:0:0:0:0:1%0', `creation_date` = 2025-04-12 08:40:19.009, `last_seen` = 2025-04-12 10:13:45.626, `email` = null, `discord` = null, `settings` = '{"settings":[{"value":"survival","key":"last-server"},{"value":"en","key":"language"}],"version":0}' WHERE `ai` = 2" (applied to [last_ip, last_seen, settings] columns)
[2025/04/12 10:13:45]: [nLogin] The user GX_ has successfully logged in.
[2025/04/12 10:14:25]: §3[nLogin] [DEBUG] [SQLite] [UPDATE]: "UPDATE `nlogin` SET `last_name` = 'GX_', `unique_id` = a2758f7e5a833f309ba6cd1099f873f3,  `mojang_id` = null,  `bedrock_id` = null,  `password` = '$2a$10$ULr2pSC9q8QRnfslYj31yeLlp/IKPRRYXZbYU3iCqe0gaxXKA6OJC', `last_ip` = '0:0:0:0:0:0:0:1%0', `creation_date` = 2025-04-12 08:40:19.009, `last_seen` = 2025-04-12 10:14:25.095, `email` = null, `discord` = null, `settings` = '{"settings":[{"value":"survival","key":"last-server"},{"value":"en","key":"language"}],"version":0}' WHERE `ai` = 2" (applied to [last_seen, settings] columns)
[2025/04/12 10:15:06]: §3[nLogin] [DEBUG] [SQLite] [UPDATE]: "UPDATE `nlogin` SET `last_name` = 'GX_', `unique_id` = a2758f7e5a833f309ba6cd1099f873f3,  `mojang_id` = null,  `bedrock_id` = null,  `password` = '$2a$10$ULr2pSC9q8QRnfslYj31yeLlp/IKPRRYXZbYU3iCqe0gaxXKA6OJC', `last_ip` = '0:0:0:0:0:0:0:1%0', `creation_date` = 2025-04-12 08:40:19.009, `last_seen` = 2025-04-12 10:15:06.101, `email` = null, `discord` = null, `settings` = '{"settings":[{"value":"survival","key":"last-server"},{"value":"en","key":"language"}],"version":0}' WHERE `ai` = 2" (applied to [last_ip, last_seen, settings] columns)
[2025/04/12 10:15:06]: [nLogin] The user GX_ has successfully logged in.
[2025/04/12 10:15:22]: §3[nLogin] [DEBUG] [SQLite] [UPDATE]: "UPDATE `nlogin` SET `last_name` = 'GX_', `unique_id` = a2758f7e5a833f309ba6cd1099f873f3,  `mojang_id` = null,  `bedrock_id` = null,  `password` = '$2a$10$ULr2pSC9q8QRnfslYj31yeLlp/IKPRRYXZbYU3iCqe0gaxXKA6OJC', `last_ip` = '0:0:0:0:0:0:0:1%0', `creation_date` = 2025-04-12 08:40:19.009, `last_seen` = 2025-04-12 10:15:21.996, `email` = null, `discord` = null, `settings` = '{"settings":[{"value":"survival","key":"last-server"},{"value":"en","key":"language"}],"version":0}' WHERE `ai` = 2" (applied to [last_seen, settings] columns)
[2025/04/12 10:16:40]: §3[nLogin] [DEBUG] [SQLite] [UPDATE]: "UPDATE `nlogin` SET `last_name` = 'GX_', `unique_id` = a2758f7e5a833f309ba6cd1099f873f3,  `mojang_id` = null,  `bedrock_id` = null,  `password` = '$2a$10$ULr2pSC9q8QRnfslYj31yeLlp/IKPRRYXZbYU3iCqe0gaxXKA6OJC', `last_ip` = '0:0:0:0:0:0:0:1%0', `creation_date` = 2025-04-12 08:40:19.009, `last_seen` = 2025-04-12 10:16:40.175, `email` = null, `discord` = null, `settings` = '{"settings":[{"value":"survival","key":"last-server"},{"value":"en","key":"language"}],"version":0}' WHERE `ai` = 2" (applied to [last_ip, last_seen, settings] columns)
[2025/04/12 10:16:40]: [nLogin] The user GX_ has successfully logged in.
[2025/04/12 10:23:33]: §3[nLogin] [DEBUG] [SQLite] [UPDATE]: "UPDATE `nlogin` SET `last_name` = 'Teowj', `unique_id` = d20793927619391c81b777fe24f9b668,  `mojang_id` = null,  `bedrock_id` = null,  `password` = '$2a$10$IZidslS7GBHI6J3VoWheluBYxdaIC63giaQ3XW4HfcRllLTaLDMhO', `last_ip` = '0:0:0:0:0:0:0:1%0', `creation_date` = 2025-04-12 08:40:16.152, `last_seen` = 2025-04-12 10:23:33.865, `email` = null, `discord` = null, `settings` = '{"settings":[{"value":"survival","key":"last-server"},{"value":"en","key":"language"}],"version":0}' WHERE `ai` = 1" (applied to [last_seen, settings] columns)
[2025/04/12 10:23:40]: §3[nLogin] [DEBUG] [SQLite] [UPDATE]: "UPDATE `nlogin` SET `last_name` = 'GX_', `unique_id` = a2758f7e5a833f309ba6cd1099f873f3,  `mojang_id` = null,  `bedrock_id` = null,  `password` = '$2a$10$ULr2pSC9q8QRnfslYj31yeLlp/IKPRRYXZbYU3iCqe0gaxXKA6OJC', `last_ip` = '0:0:0:0:0:0:0:1%0', `creation_date` = 2025-04-12 08:40:19.009, `last_seen` = 2025-04-12 10:23:40.017, `email` = null, `discord` = null, `settings` = '{"settings":[{"value":"survival","key":"last-server"},{"value":"en","key":"language"}],"version":0}' WHERE `ai` = 2" (applied to [last_seen, settings] columns)
[2025/04/12 10:23:44]: §3[nLogin] [DEBUG] [SQLite] [UPDATE]: "UPDATE `nlogin` SET `last_name` = 'Teowj', `unique_id` = d20793927619391c81b777fe24f9b668,  `mojang_id` = null,  `bedrock_id` = null,  `password` = '$2a$10$IZidslS7GBHI6J3VoWheluBYxdaIC63giaQ3XW4HfcRllLTaLDMhO', `last_ip` = '0:0:0:0:0:0:0:1%0', `creation_date` = 2025-04-12 08:40:16.152, `last_seen` = 2025-04-12 10:23:44.916, `email` = null, `discord` = null, `settings` = '{"settings":[{"value":"survival","key":"last-server"},{"value":"en","key":"language"}],"version":0}' WHERE `ai` = 1" (applied to [last_ip, last_seen, settings] columns)
[2025/04/12 10:23:44]: [nLogin] The user Teowj has successfully logged in.
[2025/04/12 10:25:22]: §3[nLogin] [DEBUG] [SQLite] [UPDATE]: "UPDATE `nlogin` SET `last_name` = 'Teowj', `unique_id` = d20793927619391c81b777fe24f9b668,  `mojang_id` = null,  `bedrock_id` = null,  `password` = '$2a$10$IZidslS7GBHI6J3VoWheluBYxdaIC63giaQ3XW4HfcRllLTaLDMhO', `last_ip` = '0:0:0:0:0:0:0:1%0', `creation_date` = 2025-04-12 08:40:16.152, `last_seen` = 2025-04-12 10:25:22.509, `email` = null, `discord` = null, `settings` = '{"settings":[{"value":"survival","key":"last-server"},{"value":"en","key":"language"}],"version":0}' WHERE `ai` = 1" (applied to [last_seen, settings] columns)
[2025/04/12 10:26:06]: §3[nLogin] [DEBUG] [SQLite] [UPDATE]: "UPDATE `nlogin` SET `last_name` = 'GX_', `unique_id` = a2758f7e5a833f309ba6cd1099f873f3,  `mojang_id` = null,  `bedrock_id` = null,  `password` = '$2a$10$ULr2pSC9q8QRnfslYj31yeLlp/IKPRRYXZbYU3iCqe0gaxXKA6OJC', `last_ip` = '0:0:0:0:0:0:0:1%0', `creation_date` = 2025-04-12 08:40:19.009, `last_seen` = 2025-04-12 10:26:06.828, `email` = null, `discord` = null, `settings` = '{"settings":[{"value":"survival","key":"last-server"},{"value":"en","key":"language"}],"version":0}' WHERE `ai` = 2" (applied to [last_ip, last_seen, settings] columns)
[2025/04/12 10:26:06]: [nLogin] The user GX_ has successfully logged in.
[2025/04/12 10:26:22]: §3[nLogin] [DEBUG] [SQLite] [UPDATE]: "UPDATE `nlogin` SET `last_name` = 'GX_', `unique_id` = a2758f7e5a833f309ba6cd1099f873f3,  `mojang_id` = null,  `bedrock_id` = null,  `password` = '$2a$10$ULr2pSC9q8QRnfslYj31yeLlp/IKPRRYXZbYU3iCqe0gaxXKA6OJC', `last_ip` = '0:0:0:0:0:0:0:1%0', `creation_date` = 2025-04-12 08:40:19.009, `last_seen` = 2025-04-12 10:26:22.341, `email` = null, `discord` = null, `settings` = '{"settings":[{"value":"survival","key":"last-server"},{"value":"en","key":"language"}],"version":0}' WHERE `ai` = 2" (applied to [last_seen, settings] columns)
[2025/04/12 10:27:24]: §3[nLogin] [DEBUG] [SQLite] [UPDATE]: "UPDATE `nlogin` SET `last_name` = 'GX_', `unique_id` = a2758f7e5a833f309ba6cd1099f873f3,  `mojang_id` = null,  `bedrock_id` = null,  `password` = '$2a$10$ULr2pSC9q8QRnfslYj31yeLlp/IKPRRYXZbYU3iCqe0gaxXKA6OJC', `last_ip` = '0:0:0:0:0:0:0:1%0', `creation_date` = 2025-04-12 08:40:19.009, `last_seen` = 2025-04-12 10:27:24.699, `email` = null, `discord` = null, `settings` = '{"settings":[{"value":"survival","key":"last-server"},{"value":"en","key":"language"}],"version":0}' WHERE `ai` = 2" (applied to [last_ip, last_seen, settings] columns)
[2025/04/12 10:27:24]: [nLogin] The user GX_ has successfully logged in.
[2025/04/12 10:27:34]: §3[nLogin] [DEBUG] [SQLite] [UPDATE]: "UPDATE `nlogin` SET `last_name` = 'GX_', `unique_id` = a2758f7e5a833f309ba6cd1099f873f3,  `mojang_id` = null,  `bedrock_id` = null,  `password` = '$2a$10$ULr2pSC9q8QRnfslYj31yeLlp/IKPRRYXZbYU3iCqe0gaxXKA6OJC', `last_ip` = '0:0:0:0:0:0:0:1%0', `creation_date` = 2025-04-12 08:40:19.009, `last_seen` = 2025-04-12 10:27:34.298, `email` = null, `discord` = null, `settings` = '{"settings":[{"value":"survival","key":"last-server"},{"value":"en","key":"language"}],"version":0}' WHERE `ai` = 2" (applied to [last_seen, settings] columns)
[2025/04/12 11:02:07]: §3[nLogin] [DEBUG] [SQLite] [UPDATE]: "UPDATE `nlogin` SET `last_name` = 'Teowj', `unique_id` = d20793927619391c81b777fe24f9b668,  `mojang_id` = null,  `bedrock_id` = null,  `password` = '$2a$10$IZidslS7GBHI6J3VoWheluBYxdaIC63giaQ3XW4HfcRllLTaLDMhO', `last_ip` = '0:0:0:0:0:0:0:1%0', `creation_date` = 2025-04-12 08:40:16.152, `last_seen` = 2025-04-12 11:02:07.062, `email` = null, `discord` = null, `settings` = '{"settings":[{"value":"survival","key":"last-server"},{"value":"en","key":"language"}],"version":0}' WHERE `ai` = 1" (applied to [last_ip, last_seen, settings] columns)
[2025/04/12 11:02:07]: [nLogin] The user Teowj has successfully logged in.
