[2025/04/14 06:30:08]: §9          __             _       
[2025/04/14 06:30:08]: §9  _ __   / /  ___   __ _(_)_ __  
[2025/04/14 06:30:08]: §9 | '_ \ / /  / _ \ / _` | | '_ \ 
[2025/04/14 06:30:08]: §9 | | | / /__| (_) | (_| | | | | |
[2025/04/14 06:30:08]: §9 |_| |_\____/\___/ \__, |_|_| |_|
[2025/04/14 06:30:08]: §9                  |___/            
[2025/04/14 06:30:08]: §9 By: www.nickuc.com - V 10.3.27
[2025/04/14 06:30:08]: §9 
[2025/04/14 06:30:09]: §3[nLogin] [DEBUG] All settings were loaded in 676 ms.
[2025/04/14 06:30:09]: §3[nLogin] [DEBUG] Loading the messages_en.yml message file...
[2025/04/14 06:30:09]: §3[nLogin] [DEBUG] All plugin messages were loaded in 136 ms (languageByClient=false).
[2025/04/14 06:30:09]: §3[nLogin] [DEBUG] All proxy settings were loaded in 34 ms.
[2025/04/14 06:30:09]: §3[nLogin] [DEBUG] Loading database...
[2025/04/14 06:30:10]: §3[nLogin] [DEBUG] Starting logger filter...
[2025/04/14 06:30:15]: 
[2025/04/14 06:30:15]:  §bThank you so much for choosing nLogin! §4<3
[2025/04/14 06:30:15]: 
[2025/04/14 06:30:15]:  §4For your safety, please read the message below:
[2025/04/14 06:30:15]:   §cNever download nLogin from unknown sources.
[2025/04/14 06:30:15]:   §cA modified version may contain malicious software.
[2025/04/14 06:30:15]: 
[2025/04/14 06:30:15]:  §3Trusted sources:
[2025/04/14 06:30:15]:   §bwww.nickuc.com
[2025/04/14 06:30:15]:   §bwww.github.com/nickuc
[2025/04/14 06:30:15]:   §bOpeNLogin installer (from Spigot or GitHub)
[2025/04/14 06:30:15]: 
[2025/04/14 06:30:15]:  §3Official support channels:
[2025/04/14 06:30:15]:   §bDiscord group: §fwww.nickuc.com/discord
[2025/04/14 06:30:15]:   §bDocumentation: §fdocs.nickuc.com/nlogin/
[2025/04/14 06:30:15]:   §bEmail: §fsupport@nickuc.com
[2025/04/14 06:30:15]:   §bYouTube: §fyoutube.com/nickuc
[2025/04/14 06:30:15]: 
[2025/04/14 06:30:15]:  §eTo remove this warning, log in with "nlogin.admin" permission on the server
[2025/04/14 06:30:15]:  §eand click the "Setup plugin" button to configure your plugin.
[2025/04/14 06:30:15]: 
[2025/04/14 06:32:05]: §3[nLogin] [DEBUG] [SQLite] [UPDATE]: "UPDATE `nlogin` SET `last_name` = 'Teowj', `unique_id` = d20793927619391c81b777fe24f9b668,  `mojang_id` = null,  `bedrock_id` = null,  `password` = '$2a$10$IZidslS7GBHI6J3VoWheluBYxdaIC63giaQ3XW4HfcRllLTaLDMhO', `last_ip` = '0:0:0:0:0:0:0:1%0', `creation_date` = 2025-04-12 08:40:16.152, `last_seen` = 2025-04-14 06:32:05.118, `email` = null, `discord` = null, `settings` = '{"settings":[{"value":"survival","key":"last-server"},{"value":"en","key":"language"}],"version":0}' WHERE `ai` = 1" (applied to [last_ip, last_seen, settings] columns)
[2025/04/14 06:32:05]: [nLogin] The user Teowj has successfully logged in.
[2025/04/14 07:09:26]: §3[nLogin] [DEBUG] [SQLite] [UPDATE]: "UPDATE `nlogin` SET `last_name` = 'Teowj', `unique_id` = d20793927619391c81b777fe24f9b668,  `mojang_id` = null,  `bedrock_id` = null,  `password` = '$2a$10$IZidslS7GBHI6J3VoWheluBYxdaIC63giaQ3XW4HfcRllLTaLDMhO', `last_ip` = '0:0:0:0:0:0:0:1%0', `creation_date` = 2025-04-12 08:40:16.152, `last_seen` = 2025-04-14 07:09:26.024, `email` = null, `discord` = null, `settings` = '{"settings":[{"value":"survival","key":"last-server"},{"value":"en","key":"language"}],"version":0}' WHERE `ai` = 1" (applied to [last_seen, settings] columns)
[2025/04/14 07:10:58]: §3[nLogin] [DEBUG] [SQLite] [UPDATE]: "UPDATE `nlogin` SET `last_name` = 'Teowj', `unique_id` = d20793927619391c81b777fe24f9b668,  `mojang_id` = null,  `bedrock_id` = null,  `password` = '$2a$10$IZidslS7GBHI6J3VoWheluBYxdaIC63giaQ3XW4HfcRllLTaLDMhO', `last_ip` = '0:0:0:0:0:0:0:1%0', `creation_date` = 2025-04-12 08:40:16.152, `last_seen` = 2025-04-14 07:10:58.203, `email` = null, `discord` = null, `settings` = '{"settings":[{"value":"survival","key":"last-server"},{"value":"en","key":"language"}],"version":0}' WHERE `ai` = 1" (applied to [last_ip, last_seen, settings] columns)
[2025/04/14 07:10:58]: [nLogin] The user Teowj has successfully logged in.
[2025/04/14 07:23:02]: §3[nLogin] [DEBUG] [SQLite] [UPDATE]: "UPDATE `nlogin` SET `last_name` = 'GX_', `unique_id` = a2758f7e5a833f309ba6cd1099f873f3,  `mojang_id` = null,  `bedrock_id` = null,  `password` = '$2a$10$ULr2pSC9q8QRnfslYj31yeLlp/IKPRRYXZbYU3iCqe0gaxXKA6OJC', `last_ip` = '0:0:0:0:0:0:0:1%0', `creation_date` = 2025-04-12 08:40:19.009, `last_seen` = 2025-04-14 07:23:02.142, `email` = null, `discord` = null, `settings` = '{"settings":[{"value":"survival","key":"last-server"},{"value":"en","key":"language"}],"version":0}' WHERE `ai` = 2" (applied to [last_ip, last_seen, settings] columns)
[2025/04/14 07:23:02]: [nLogin] The user GX_ has successfully logged in.
[2025/04/14 07:32:10]: §3[nLogin] [DEBUG] [SQLite] [UPDATE]: "UPDATE `nlogin` SET `last_name` = 'Teowj', `unique_id` = d20793927619391c81b777fe24f9b668,  `mojang_id` = null,  `bedrock_id` = null,  `password` = '$2a$10$IZidslS7GBHI6J3VoWheluBYxdaIC63giaQ3XW4HfcRllLTaLDMhO', `last_ip` = '0:0:0:0:0:0:0:1%0', `creation_date` = 2025-04-12 08:40:16.152, `last_seen` = 2025-04-14 07:32:10.216, `email` = null, `discord` = null, `settings` = '{"settings":[{"value":"survival","key":"last-server"},{"value":"en","key":"language"}],"version":0}' WHERE `ai` = 1" (applied to [last_seen, settings] columns)
[2025/04/14 07:32:18]: §3[nLogin] [DEBUG] [SQLite] [UPDATE]: "UPDATE `nlogin` SET `last_name` = 'Teowj', `unique_id` = d20793927619391c81b777fe24f9b668,  `mojang_id` = null,  `bedrock_id` = null,  `password` = '$2a$10$IZidslS7GBHI6J3VoWheluBYxdaIC63giaQ3XW4HfcRllLTaLDMhO', `last_ip` = '0:0:0:0:0:0:0:1%0', `creation_date` = 2025-04-12 08:40:16.152, `last_seen` = 2025-04-14 07:32:18.903, `email` = null, `discord` = null, `settings` = '{"settings":[{"value":"survival","key":"last-server"},{"value":"en","key":"language"}],"version":0}' WHERE `ai` = 1" (applied to [last_ip, last_seen, settings] columns)
[2025/04/14 07:32:18]: [nLogin] The user Teowj has successfully logged in.
[2025/04/14 07:32:34]: §3[nLogin] [DEBUG] [SQLite] [UPDATE]: "UPDATE `nlogin` SET `last_name` = 'Teowj', `unique_id` = d20793927619391c81b777fe24f9b668,  `mojang_id` = null,  `bedrock_id` = null,  `password` = '$2a$10$IZidslS7GBHI6J3VoWheluBYxdaIC63giaQ3XW4HfcRllLTaLDMhO', `last_ip` = '0:0:0:0:0:0:0:1%0', `creation_date` = 2025-04-12 08:40:16.152, `last_seen` = 2025-04-14 07:32:34.02, `email` = null, `discord` = null, `settings` = '{"settings":[{"value":"survival","key":"last-server"},{"value":"en","key":"language"}],"version":0}' WHERE `ai` = 1" (applied to [last_seen, settings] columns)
[2025/04/14 07:33:38]: §3[nLogin] [DEBUG] [SQLite] [UPDATE]: "UPDATE `nlogin` SET `last_name` = 'Teowj', `unique_id` = d20793927619391c81b777fe24f9b668,  `mojang_id` = null,  `bedrock_id` = null,  `password` = '$2a$10$IZidslS7GBHI6J3VoWheluBYxdaIC63giaQ3XW4HfcRllLTaLDMhO', `last_ip` = '0:0:0:0:0:0:0:1%0', `creation_date` = 2025-04-12 08:40:16.152, `last_seen` = 2025-04-14 07:33:38.731, `email` = null, `discord` = null, `settings` = '{"settings":[{"value":"survival","key":"last-server"},{"value":"en","key":"language"}],"version":0}' WHERE `ai` = 1" (applied to [last_ip, last_seen, settings] columns)
[2025/04/14 07:33:38]: [nLogin] The user Teowj has successfully logged in.
[2025/04/14 07:49:30]: §3[nLogin] [DEBUG] [SQLite] [UPDATE]: "UPDATE `nlogin` SET `last_name` = 'GX_', `unique_id` = a2758f7e5a833f309ba6cd1099f873f3,  `mojang_id` = null,  `bedrock_id` = null,  `password` = '$2a$10$ULr2pSC9q8QRnfslYj31yeLlp/IKPRRYXZbYU3iCqe0gaxXKA6OJC', `last_ip` = '0:0:0:0:0:0:0:1%0', `creation_date` = 2025-04-12 08:40:19.009, `last_seen` = 2025-04-14 07:49:30.866, `email` = null, `discord` = null, `settings` = '{"settings":[{"value":"lobby","key":"last-server"},{"value":"en","key":"language"}],"version":0}' WHERE `ai` = 2" (applied to [last_seen, settings] columns)
[2025/04/14 07:49:38]: §3[nLogin] [DEBUG] [SQLite] [UPDATE]: "UPDATE `nlogin` SET `last_name` = 'GX_', `unique_id` = a2758f7e5a833f309ba6cd1099f873f3,  `mojang_id` = null,  `bedrock_id` = null,  `password` = '$2a$10$ULr2pSC9q8QRnfslYj31yeLlp/IKPRRYXZbYU3iCqe0gaxXKA6OJC', `last_ip` = '0:0:0:0:0:0:0:1%0', `creation_date` = 2025-04-12 08:40:19.009, `last_seen` = 2025-04-14 07:49:38.208, `email` = null, `discord` = null, `settings` = '{"settings":[{"value":"lobby","key":"last-server"},{"value":"en","key":"language"}],"version":0}' WHERE `ai` = 2" (applied to [last_ip, last_seen, settings] columns)
[2025/04/14 07:49:38]: [nLogin] The user GX_ has successfully logged in.
[2025/04/14 07:50:12]: §3[nLogin] [DEBUG] [SQLite] [UPDATE]: "UPDATE `nlogin` SET `last_name` = 'GX_', `unique_id` = a2758f7e5a833f309ba6cd1099f873f3,  `mojang_id` = null,  `bedrock_id` = null,  `password` = '$2a$10$ULr2pSC9q8QRnfslYj31yeLlp/IKPRRYXZbYU3iCqe0gaxXKA6OJC', `last_ip` = '0:0:0:0:0:0:0:1%0', `creation_date` = 2025-04-12 08:40:19.009, `last_seen` = 2025-04-14 07:50:12.327, `email` = null, `discord` = null, `settings` = '{"settings":[{"value":"lobby","key":"last-server"},{"value":"en","key":"language"}],"version":0}' WHERE `ai` = 2" (applied to [last_seen, settings] columns)
[2025/04/14 07:50:18]: §3[nLogin] [DEBUG] [SQLite] [UPDATE]: "UPDATE `nlogin` SET `last_name` = 'GX_', `unique_id` = a2758f7e5a833f309ba6cd1099f873f3,  `mojang_id` = null,  `bedrock_id` = null,  `password` = '$2a$10$ULr2pSC9q8QRnfslYj31yeLlp/IKPRRYXZbYU3iCqe0gaxXKA6OJC', `last_ip` = '0:0:0:0:0:0:0:1%0', `creation_date` = 2025-04-12 08:40:19.009, `last_seen` = 2025-04-14 07:50:18.445, `email` = null, `discord` = null, `settings` = '{"settings":[{"value":"lobby","key":"last-server"},{"value":"en","key":"language"}],"version":0}' WHERE `ai` = 2" (applied to [last_ip, last_seen, settings] columns)
[2025/04/14 07:50:18]: [nLogin] The user GX_ has successfully logged in.
[2025/04/14 07:51:37]: §3[nLogin] [DEBUG] [SQLite] [UPDATE]: "UPDATE `nlogin` SET `last_name` = 'GX_', `unique_id` = a2758f7e5a833f309ba6cd1099f873f3,  `mojang_id` = null,  `bedrock_id` = null,  `password` = '$2a$10$ULr2pSC9q8QRnfslYj31yeLlp/IKPRRYXZbYU3iCqe0gaxXKA6OJC', `last_ip` = '0:0:0:0:0:0:0:1%0', `creation_date` = 2025-04-12 08:40:19.009, `last_seen` = 2025-04-14 07:51:37.614, `email` = null, `discord` = null, `settings` = '{"settings":[{"value":"lobby","key":"last-server"},{"value":"en","key":"language"}],"version":0}' WHERE `ai` = 2" (applied to [last_seen, settings] columns)
[2025/04/14 07:51:44]: §3[nLogin] [DEBUG] [SQLite] [UPDATE]: "UPDATE `nlogin` SET `last_name` = 'GX_', `unique_id` = a2758f7e5a833f309ba6cd1099f873f3,  `mojang_id` = null,  `bedrock_id` = null,  `password` = '$2a$10$ULr2pSC9q8QRnfslYj31yeLlp/IKPRRYXZbYU3iCqe0gaxXKA6OJC', `last_ip` = '0:0:0:0:0:0:0:1%0', `creation_date` = 2025-04-12 08:40:19.009, `last_seen` = 2025-04-14 07:51:44.761, `email` = null, `discord` = null, `settings` = '{"settings":[{"value":"lobby","key":"last-server"},{"value":"en","key":"language"}],"version":0}' WHERE `ai` = 2" (applied to [last_ip, last_seen, settings] columns)
[2025/04/14 07:51:44]: [nLogin] The user GX_ has successfully logged in.
[2025/04/14 08:24:19]: §3[nLogin] [DEBUG] [SQLite] [UPDATE]: "UPDATE `nlogin` SET `last_name` = 'Teowj', `unique_id` = d20793927619391c81b777fe24f9b668,  `mojang_id` = null,  `bedrock_id` = null,  `password` = '$2a$10$IZidslS7GBHI6J3VoWheluBYxdaIC63giaQ3XW4HfcRllLTaLDMhO', `last_ip` = '0:0:0:0:0:0:0:1%0', `creation_date` = 2025-04-12 08:40:16.152, `last_seen` = 2025-04-14 08:24:19.269, `email` = null, `discord` = null, `settings` = '{"settings":[{"value":"survival","key":"last-server"},{"value":"en","key":"language"}],"version":0}' WHERE `ai` = 1" (applied to [last_seen, settings] columns)
[2025/04/14 08:24:29]: §3[nLogin] [DEBUG] [SQLite] [UPDATE]: "UPDATE `nlogin` SET `last_name` = 'Teowj', `unique_id` = d20793927619391c81b777fe24f9b668,  `mojang_id` = null,  `bedrock_id` = null,  `password` = '$2a$10$IZidslS7GBHI6J3VoWheluBYxdaIC63giaQ3XW4HfcRllLTaLDMhO', `last_ip` = '0:0:0:0:0:0:0:1%0', `creation_date` = 2025-04-12 08:40:16.152, `last_seen` = 2025-04-14 08:24:29.528, `email` = null, `discord` = null, `settings` = '{"settings":[{"value":"survival","key":"last-server"},{"value":"en","key":"language"}],"version":0}' WHERE `ai` = 1" (applied to [last_ip, last_seen, settings] columns)
[2025/04/14 08:24:29]: [nLogin] The user Teowj has successfully logged in.
[2025/04/14 08:45:13]: §3[nLogin] [DEBUG] [SQLite] [UPDATE]: "UPDATE `nlogin` SET `last_name` = 'Teowj', `unique_id` = d20793927619391c81b777fe24f9b668,  `mojang_id` = null,  `bedrock_id` = null,  `password` = '$2a$10$IZidslS7GBHI6J3VoWheluBYxdaIC63giaQ3XW4HfcRllLTaLDMhO', `last_ip` = '0:0:0:0:0:0:0:1%0', `creation_date` = 2025-04-12 08:40:16.152, `last_seen` = 2025-04-14 08:45:13.65, `email` = null, `discord` = null, `settings` = '{"settings":[{"value":"survival","key":"last-server"},{"value":"en","key":"language"}],"version":0}' WHERE `ai` = 1" (applied to [last_seen, settings] columns)
[2025/04/14 09:25:51]: §3[nLogin] [DEBUG] [SQLite] [UPDATE]: "UPDATE `nlogin` SET `last_name` = 'GX_', `unique_id` = a2758f7e5a833f309ba6cd1099f873f3,  `mojang_id` = null,  `bedrock_id` = null,  `password` = '$2a$10$ULr2pSC9q8QRnfslYj31yeLlp/IKPRRYXZbYU3iCqe0gaxXKA6OJC', `last_ip` = '0:0:0:0:0:0:0:1%0', `creation_date` = 2025-04-12 08:40:19.009, `last_seen` = 2025-04-14 09:25:51.975, `email` = null, `discord` = null, `settings` = '{"settings":[{"value":"survival","key":"last-server"},{"value":"en","key":"language"}],"version":0}' WHERE `ai` = 2" (applied to [last_seen, settings] columns)
[2025/04/14 09:25:58]: §3[nLogin] [DEBUG] [SQLite] [UPDATE]: "UPDATE `nlogin` SET `last_name` = 'GX_', `unique_id` = a2758f7e5a833f309ba6cd1099f873f3,  `mojang_id` = null,  `bedrock_id` = null,  `password` = '$2a$10$ULr2pSC9q8QRnfslYj31yeLlp/IKPRRYXZbYU3iCqe0gaxXKA6OJC', `last_ip` = '0:0:0:0:0:0:0:1%0', `creation_date` = 2025-04-12 08:40:19.009, `last_seen` = 2025-04-14 09:25:58.1, `email` = null, `discord` = null, `settings` = '{"settings":[{"value":"survival","key":"last-server"},{"value":"en","key":"language"}],"version":0}' WHERE `ai` = 2" (applied to [last_ip, last_seen, settings] columns)
[2025/04/14 09:25:58]: [nLogin] The user GX_ has successfully logged in.
[2025/04/14 09:30:15]: §3[nLogin] [DEBUG] [SQLite] [UPDATE]: "UPDATE `nlogin` SET `last_name` = 'GX_', `unique_id` = a2758f7e5a833f309ba6cd1099f873f3,  `mojang_id` = null,  `bedrock_id` = null,  `password` = '$2a$10$ULr2pSC9q8QRnfslYj31yeLlp/IKPRRYXZbYU3iCqe0gaxXKA6OJC', `last_ip` = '0:0:0:0:0:0:0:1%0', `creation_date` = 2025-04-12 08:40:19.009, `last_seen` = 2025-04-14 09:30:15.718, `email` = null, `discord` = null, `settings` = '{"settings":[{"value":"lobby","key":"last-server"},{"value":"en","key":"language"}],"version":0}' WHERE `ai` = 2" (applied to [last_seen, settings] columns)
[2025/04/14 09:30:22]: §3[nLogin] [DEBUG] [SQLite] [UPDATE]: "UPDATE `nlogin` SET `last_name` = 'GX_', `unique_id` = a2758f7e5a833f309ba6cd1099f873f3,  `mojang_id` = null,  `bedrock_id` = null,  `password` = '$2a$10$ULr2pSC9q8QRnfslYj31yeLlp/IKPRRYXZbYU3iCqe0gaxXKA6OJC', `last_ip` = '0:0:0:0:0:0:0:1%0', `creation_date` = 2025-04-12 08:40:19.009, `last_seen` = 2025-04-14 09:30:22.746, `email` = null, `discord` = null, `settings` = '{"settings":[{"value":"lobby","key":"last-server"},{"value":"en","key":"language"}],"version":0}' WHERE `ai` = 2" (applied to [last_ip, last_seen, settings] columns)
[2025/04/14 09:30:22]: [nLogin] The user GX_ has successfully logged in.
[2025/04/14 09:45:51]: §3[nLogin] [DEBUG] [SQLite] [UPDATE]: "UPDATE `nlogin` SET `last_name` = 'GX_', `unique_id` = a2758f7e5a833f309ba6cd1099f873f3,  `mojang_id` = null,  `bedrock_id` = null,  `password` = '$2a$10$ULr2pSC9q8QRnfslYj31yeLlp/IKPRRYXZbYU3iCqe0gaxXKA6OJC', `last_ip` = '0:0:0:0:0:0:0:1%0', `creation_date` = 2025-04-12 08:40:19.009, `last_seen` = 2025-04-14 09:45:51.704, `email` = null, `discord` = null, `settings` = '{"settings":[{"value":"survival","key":"last-server"},{"value":"en","key":"language"}],"version":0}' WHERE `ai` = 2" (applied to [last_seen, settings] columns)
