[2025/04/12 12:31:58]: §9          __             _       
[2025/04/12 12:31:58]: §9  _ __   / /  ___   __ _(_)_ __  
[2025/04/12 12:31:58]: §9 | '_ \ / /  / _ \ / _` | | '_ \ 
[2025/04/12 12:31:58]: §9 | | | / /__| (_) | (_| | | | | |
[2025/04/12 12:31:58]: §9 |_| |_\____/\___/ \__, |_|_| |_|
[2025/04/12 12:31:58]: §9                  |___/            
[2025/04/12 12:31:58]: §9 By: www.nickuc.com - V 10.3.27
[2025/04/12 12:31:58]: §9 
[2025/04/12 12:31:58]: §3[nLogin] [DEBUG] All settings were loaded in 694 ms.
[2025/04/12 12:31:59]: §3[nLogin] [DEBUG] Loading the messages_en.yml message file...
[2025/04/12 12:31:59]: §3[nLogin] [DEBUG] All plugin messages were loaded in 217 ms (languageByClient=false).
[2025/04/12 12:31:59]: §3[nLogin] [DEBUG] All proxy settings were loaded in 56 ms.
[2025/04/12 12:31:59]: §3[nLogin] [DEBUG] Loading database...
[2025/04/12 12:32:00]: §3[nLogin] [DEBUG] Starting logger filter...
[2025/04/12 12:32:05]: 
[2025/04/12 12:32:05]:  §bThank you so much for choosing nLogin! §4<3
[2025/04/12 12:32:05]: 
[2025/04/12 12:32:05]:  §4For your safety, please read the message below:
[2025/04/12 12:32:05]:   §cNever download nLogin from unknown sources.
[2025/04/12 12:32:05]:   §cA modified version may contain malicious software.
[2025/04/12 12:32:05]: 
[2025/04/12 12:32:05]:  §3Trusted sources:
[2025/04/12 12:32:05]:   §bwww.nickuc.com
[2025/04/12 12:32:05]:   §bwww.github.com/nickuc
[2025/04/12 12:32:05]:   §bOpeNLogin installer (from Spigot or GitHub)
[2025/04/12 12:32:05]: 
[2025/04/12 12:32:05]:  §3Official support channels:
[2025/04/12 12:32:05]:   §bDiscord group: §fwww.nickuc.com/discord
[2025/04/12 12:32:05]:   §bDocumentation: §fdocs.nickuc.com/nlogin/
[2025/04/12 12:32:05]:   §bEmail: §fsupport@nickuc.com
[2025/04/12 12:32:05]:   §bYouTube: §fyoutube.com/nickuc
[2025/04/12 12:32:05]: 
[2025/04/12 12:32:05]:  §eTo remove this warning, log in with "nlogin.admin" permission on the server
[2025/04/12 12:32:05]:  §eand click the "Setup plugin" button to configure your plugin.
[2025/04/12 12:32:05]: 
[2025/04/12 12:32:56]: §3[nLogin] [DEBUG] [SQLite] [UPDATE]: "UPDATE `nlogin` SET `last_name` = 'GX_', `unique_id` = a2758f7e5a833f309ba6cd1099f873f3,  `mojang_id` = null,  `bedrock_id` = null,  `password` = '$2a$10$ULr2pSC9q8QRnfslYj31yeLlp/IKPRRYXZbYU3iCqe0gaxXKA6OJC', `last_ip` = '0:0:0:0:0:0:0:1%0', `creation_date` = 2025-04-12 08:40:19.009, `last_seen` = 2025-04-12 12:32:56.407, `email` = null, `discord` = null, `settings` = '{"settings":[{"value":"survival","key":"last-server"},{"value":"en","key":"language"}],"version":0}' WHERE `ai` = 2" (applied to [last_ip, last_seen, settings] columns)
[2025/04/12 12:32:56]: [nLogin] The user GX_ has successfully logged in.
[2025/04/12 12:35:06]: §3[nLogin] [DEBUG] [SQLite] [UPDATE]: "UPDATE `nlogin` SET `last_name` = 'JJ_', `unique_id` = 81ba02c27b573045a729631ef9ba1671,  `mojang_id` = null,  `bedrock_id` = null,  `password` = '$2a$10$T.QV.mXsSZLY2XmxptZzd.iLyLV58ZhdLA5nB0vsirW3ebTTlyZXe', `last_ip` = '0:0:0:0:0:0:0:1%0', `creation_date` = 2025-04-12 08:40:33.227, `last_seen` = 2025-04-12 12:35:06.584, `email` = null, `discord` = null, `settings` = '{"settings":[{"value":"survival","key":"last-server"},{"value":"en","key":"language"}],"version":0}' WHERE `ai` = 3" (applied to [last_ip, last_seen, settings] columns)
[2025/04/12 12:35:06]: [nLogin] The user JJ_ has successfully logged in.
[2025/04/12 13:01:15]: §3[nLogin] [DEBUG] [SQLite] [UPDATE]: "UPDATE `nlogin` SET `last_name` = 'Teowj', `unique_id` = d20793927619391c81b777fe24f9b668,  `mojang_id` = null,  `bedrock_id` = null,  `password` = '$2a$10$IZidslS7GBHI6J3VoWheluBYxdaIC63giaQ3XW4HfcRllLTaLDMhO', `last_ip` = '0:0:0:0:0:0:0:1%0', `creation_date` = 2025-04-12 08:40:16.152, `last_seen` = 2025-04-12 13:01:15.988, `email` = null, `discord` = null, `settings` = '{"settings":[{"value":"survival","key":"last-server"},{"value":"en","key":"language"}],"version":0}' WHERE `ai` = 1" (applied to [last_ip, last_seen, settings] columns)
[2025/04/12 13:01:15]: [nLogin] The user Teowj has successfully logged in.
[2025/04/12 13:23:23]: §3[nLogin] [DEBUG] [SQLite] [UPDATE]: "UPDATE `nlogin` SET `last_name` = 'GX_', `unique_id` = a2758f7e5a833f309ba6cd1099f873f3,  `mojang_id` = null,  `bedrock_id` = null,  `password` = '$2a$10$ULr2pSC9q8QRnfslYj31yeLlp/IKPRRYXZbYU3iCqe0gaxXKA6OJC', `last_ip` = '0:0:0:0:0:0:0:1%0', `creation_date` = 2025-04-12 08:40:19.009, `last_seen` = 2025-04-12 13:23:23.876, `email` = null, `discord` = null, `settings` = '{"settings":[{"value":"survival","key":"last-server"},{"value":"en","key":"language"}],"version":0}' WHERE `ai` = 2" (applied to [last_seen, settings] columns)
[2025/04/12 13:24:08]: §3[nLogin] [DEBUG] [SQLite] [UPDATE]: "UPDATE `nlogin` SET `last_name` = 'JJ_', `unique_id` = 81ba02c27b573045a729631ef9ba1671,  `mojang_id` = null,  `bedrock_id` = null,  `password` = '$2a$10$T.QV.mXsSZLY2XmxptZzd.iLyLV58ZhdLA5nB0vsirW3ebTTlyZXe', `last_ip` = '0:0:0:0:0:0:0:1%0', `creation_date` = 2025-04-12 08:40:33.227, `last_seen` = 2025-04-12 13:24:08.742, `email` = null, `discord` = null, `settings` = '{"settings":[{"value":"survival","key":"last-server"},{"value":"en","key":"language"}],"version":0}' WHERE `ai` = 3" (applied to [last_seen, settings] columns)
[2025/04/12 13:24:49]: §3[nLogin] [DEBUG] [SQLite] [UPDATE]: "UPDATE `nlogin` SET `last_name` = 'Teowj', `unique_id` = d20793927619391c81b777fe24f9b668,  `mojang_id` = null,  `bedrock_id` = null,  `password` = '$2a$10$IZidslS7GBHI6J3VoWheluBYxdaIC63giaQ3XW4HfcRllLTaLDMhO', `last_ip` = '0:0:0:0:0:0:0:1%0', `creation_date` = 2025-04-12 08:40:16.152, `last_seen` = 2025-04-12 13:24:49.927, `email` = null, `discord` = null, `settings` = '{"settings":[{"value":"survival","key":"last-server"},{"value":"en","key":"language"}],"version":0}' WHERE `ai` = 1" (applied to [last_seen, settings] columns)
[2025/04/12 13:28:23]: §3[nLogin] [DEBUG] [SQLite] [UPDATE]: "UPDATE `nlogin` SET `last_name` = 'GX_', `unique_id` = a2758f7e5a833f309ba6cd1099f873f3,  `mojang_id` = null,  `bedrock_id` = null,  `password` = '$2a$10$ULr2pSC9q8QRnfslYj31yeLlp/IKPRRYXZbYU3iCqe0gaxXKA6OJC', `last_ip` = '0:0:0:0:0:0:0:1%0', `creation_date` = 2025-04-12 08:40:19.009, `last_seen` = 2025-04-12 13:28:23.264, `email` = null, `discord` = null, `settings` = '{"settings":[{"value":"survival","key":"last-server"},{"value":"en","key":"language"}],"version":0}' WHERE `ai` = 2" (applied to [last_ip, last_seen, settings] columns)
[2025/04/12 13:28:23]: [nLogin] The user GX_ has successfully logged in.
[2025/04/12 13:30:08]: §3[nLogin] [DEBUG] [SQLite] [UPDATE]: "UPDATE `nlogin` SET `last_name` = 'GX_', `unique_id` = a2758f7e5a833f309ba6cd1099f873f3,  `mojang_id` = null,  `bedrock_id` = null,  `password` = '$2a$10$ULr2pSC9q8QRnfslYj31yeLlp/IKPRRYXZbYU3iCqe0gaxXKA6OJC', `last_ip` = '0:0:0:0:0:0:0:1%0', `creation_date` = 2025-04-12 08:40:19.009, `last_seen` = 2025-04-12 13:30:08.385, `email` = null, `discord` = null, `settings` = '{"settings":[{"value":"survival","key":"last-server"},{"value":"en","key":"language"}],"version":0}' WHERE `ai` = 2" (applied to [last_seen, settings] columns)
[2025/04/12 13:34:46]: §3[nLogin] [DEBUG] [SQLite] [UPDATE]: "UPDATE `nlogin` SET `last_name` = 'GX_', `unique_id` = a2758f7e5a833f309ba6cd1099f873f3,  `mojang_id` = null,  `bedrock_id` = null,  `password` = '$2a$10$ULr2pSC9q8QRnfslYj31yeLlp/IKPRRYXZbYU3iCqe0gaxXKA6OJC', `last_ip` = '0:0:0:0:0:0:0:1%0', `creation_date` = 2025-04-12 08:40:19.009, `last_seen` = 2025-04-12 13:34:46.977, `email` = null, `discord` = null, `settings` = '{"settings":[{"value":"survival","key":"last-server"},{"value":"en","key":"language"}],"version":0}' WHERE `ai` = 2" (applied to [last_ip, last_seen, settings] columns)
[2025/04/12 13:34:46]: [nLogin] The user GX_ has successfully logged in.
[2025/04/12 13:40:44]: §3[nLogin] [DEBUG] [SQLite] [UPDATE]: "UPDATE `nlogin` SET `last_name` = 'GX_', `unique_id` = a2758f7e5a833f309ba6cd1099f873f3,  `mojang_id` = null,  `bedrock_id` = null,  `password` = '$2a$10$ULr2pSC9q8QRnfslYj31yeLlp/IKPRRYXZbYU3iCqe0gaxXKA6OJC', `last_ip` = '0:0:0:0:0:0:0:1%0', `creation_date` = 2025-04-12 08:40:19.009, `last_seen` = 2025-04-12 13:40:44.56, `email` = null, `discord` = null, `settings` = '{"settings":[{"value":"survival","key":"last-server"},{"value":"en","key":"language"}],"version":0}' WHERE `ai` = 2" (applied to [last_seen, settings] columns)
