[2025/04/14 10:21:29]: §9          __             _       
[2025/04/14 10:21:29]: §9  _ __   / /  ___   __ _(_)_ __  
[2025/04/14 10:21:29]: §9 | '_ \ / /  / _ \ / _` | | '_ \ 
[2025/04/14 10:21:29]: §9 | | | / /__| (_) | (_| | | | | |
[2025/04/14 10:21:29]: §9 |_| |_\____/\___/ \__, |_|_| |_|
[2025/04/14 10:21:29]: §9                  |___/            
[2025/04/14 10:21:29]: §9 By: www.nickuc.com - V 10.3.27
[2025/04/14 10:21:29]: §9 
[2025/04/14 10:21:29]: §3[nLogin] [DEBUG] All settings were loaded in 228 ms.
[2025/04/14 10:21:29]: §3[nLogin] [DEBUG] Loading the messages_en.yml message file...
[2025/04/14 10:21:29]: §3[nLogin] [DEBUG] All plugin messages were loaded in 134 ms (languageByClient=false).
[2025/04/14 10:21:29]: §3[nLogin] [DEBUG] All proxy settings were loaded in 7 ms.
[2025/04/14 10:21:29]: §3[nLogin] [DEBUG] Loading database...
[2025/04/14 10:21:29]: §3[nLogin] [DEBUG] Starting logger filter...
[2025/04/14 10:21:34]: 
[2025/04/14 10:21:34]:  §bThank you so much for choosing nLogin! §4<3
[2025/04/14 10:21:34]: 
[2025/04/14 10:21:34]:  §4For your safety, please read the message below:
[2025/04/14 10:21:34]:   §cNever download nLogin from unknown sources.
[2025/04/14 10:21:34]:   §cA modified version may contain malicious software.
[2025/04/14 10:21:34]: 
[2025/04/14 10:21:34]:  §3Trusted sources:
[2025/04/14 10:21:34]:   §bwww.nickuc.com
[2025/04/14 10:21:34]:   §bwww.github.com/nickuc
[2025/04/14 10:21:34]:   §bOpeNLogin installer (from Spigot or GitHub)
[2025/04/14 10:21:34]: 
[2025/04/14 10:21:34]:  §3Official support channels:
[2025/04/14 10:21:34]:   §bDiscord group: §fwww.nickuc.com/discord
[2025/04/14 10:21:34]:   §bDocumentation: §fdocs.nickuc.com/nlogin/
[2025/04/14 10:21:34]:   §bEmail: §fsupport@nickuc.com
[2025/04/14 10:21:34]:   §bYouTube: §fyoutube.com/nickuc
[2025/04/14 10:21:34]: 
[2025/04/14 10:21:34]:  §eTo remove this warning, log in with "nlogin.admin" permission on the server
[2025/04/14 10:21:34]:  §eand click the "Setup plugin" button to configure your plugin.
[2025/04/14 10:21:34]: 
[2025/04/14 10:28:49]: §3[nLogin] [DEBUG] [SQLite] [UPDATE]: "UPDATE `nlogin` SET `last_name` = 'GX_', `unique_id` = a2758f7e5a833f309ba6cd1099f873f3,  `mojang_id` = null,  `bedrock_id` = null,  `password` = '$2a$10$ULr2pSC9q8QRnfslYj31yeLlp/IKPRRYXZbYU3iCqe0gaxXKA6OJC', `last_ip` = '0:0:0:0:0:0:0:1%0', `creation_date` = 2025-04-12 08:40:19.009, `last_seen` = 2025-04-14 10:28:49.674, `email` = null, `discord` = null, `settings` = '{"settings":[{"value":"survival","key":"last-server"},{"value":"en","key":"language"}],"version":0}' WHERE `ai` = 2" (applied to [last_ip, last_seen, settings] columns)
[2025/04/14 10:28:49]: [nLogin] The user GX_ has successfully logged in.
[2025/04/14 10:52:41]: §3[nLogin] [DEBUG] [SQLite] [UPDATE]: "UPDATE `nlogin` SET `last_name` = 'GX_', `unique_id` = a2758f7e5a833f309ba6cd1099f873f3,  `mojang_id` = null,  `bedrock_id` = null,  `password` = '$2a$10$ULr2pSC9q8QRnfslYj31yeLlp/IKPRRYXZbYU3iCqe0gaxXKA6OJC', `last_ip` = '0:0:0:0:0:0:0:1%0', `creation_date` = 2025-04-12 08:40:19.009, `last_seen` = 2025-04-14 10:52:41.304, `email` = null, `discord` = null, `settings` = '{"settings":[{"value":"survival","key":"last-server"},{"value":"en","key":"language"}],"version":0}' WHERE `ai` = 2" (applied to [last_seen, settings] columns)
