[08:30:23] [main/INFO] [com.velocitypowered.proxy.VelocityServer]: Booting up Velocity 3.3.0-SNAPSHOT (git-e60e2063-b399)...
[08:30:24] [main/INFO] [com.velocitypowered.proxy.VelocityServer]: Loading localizations...
[08:30:25] [main/INFO] [com.velocitypowered.proxy.network.ConnectionManager]: Connections will use epoll channels, libdeflate (Linux x86_64) compression, OpenSSL 1.1.x (Linux x86_64) ciphers
[08:30:26] [main/WARN] [com.velocitypowered.proxy.config.VelocityConfiguration]: The proxy is running in offline mode! This is a security risk and you will NOT receive any support!
[08:30:26] [main/INFO] [com.velocitypowered.proxy.VelocityServer]: Loading plugins...
[08:30:28] [main/ERROR] [com.velocitypowered.proxy.console.VelocityConsole]: :>:>:>:>:>:>:>:>:>:>:>:>:>:>:>:>:>:>:>:>:>:>:>
[08:30:28] [main/ERROR] [com.velocitypowered.proxy.console.VelocityConsole]: :>  
[08:30:28] [main/ERROR] [com.velocitypowered.proxy.console.VelocityConsole]: :>      EAGLERCRAFTXVELOCITY WARNING:
[08:30:28] [main/ERROR] [com.velocitypowered.proxy.console.VelocityConsole]: :>  
[08:30:28] [main/ERROR] [com.velocitypowered.proxy.console.VelocityConsole]: :>  This plugin wasn't tested to be 'working'
[08:30:28] [main/ERROR] [com.velocitypowered.proxy.console.VelocityConsole]: :>  with ANY version of Velocity (and forks)
[08:30:28] [main/ERROR] [com.velocitypowered.proxy.console.VelocityConsole]: :>  apart from the versions listed below:
[08:30:28] [main/ERROR] [com.velocitypowered.proxy.console.VelocityConsole]: :>  
[08:30:28] [main/ERROR] [com.velocitypowered.proxy.console.VelocityConsole]: :>  - Velocity: 3.3.0-SNAPSHOT:e60e2063:b399
[08:30:28] [main/ERROR] [com.velocitypowered.proxy.console.VelocityConsole]: :>  
[08:30:28] [main/ERROR] [com.velocitypowered.proxy.console.VelocityConsole]: :>  This is not a Bukkit/Spigot plugin!
[08:30:28] [main/ERROR] [com.velocitypowered.proxy.console.VelocityConsole]: :>  
[08:30:28] [main/ERROR] [com.velocitypowered.proxy.console.VelocityConsole]: :>  Use "-Deaglerxvelocity.stfu=true" to hide
[08:30:28] [main/ERROR] [com.velocitypowered.proxy.console.VelocityConsole]: :>  
[08:30:28] [main/ERROR] [com.velocitypowered.proxy.console.VelocityConsole]: :>:>:>:>:>:>:>:>:>:>:>:>:>:>:>:>:>:>:>:>:>:>:>
[08:30:28] [main/INFO] [com.velocitypowered.proxy.plugin.VelocityPluginManager]: Loaded plugin eaglerxvelocity 1.0.5 by lax1dude, ayunami2000
[08:30:29] [main/INFO] [com.velocitypowered.proxy.plugin.VelocityPluginManager]: Loaded plugin nlogin 10.3.27 by NickUC
[08:30:29] [main/INFO] [com.velocitypowered.proxy.VelocityServer]: Loaded 2 plugins
[08:30:29] [Velocity Async Event Executor - #0/WARN] [eaglerxvelocity]: This plugin is still in development, certain features may not be functional!
[08:30:29] [Velocity Async Event Executor - #0/WARN] [eaglerxvelocity]: Not recommended for public servers yet, please check for updates
[08:30:30] [Velocity Async Event Executor - #0/ERROR] [eaglerxvelocity]: Online mode is set to false! Authentication system has been disabled
[08:30:31] [Netty epoll Boss #0/INFO] [eaglerxvelocity]: Eaglercraft is listening on: /0.0.0.0:8081
[08:30:32] [Velocity Async Event Executor - #0/INFO] [eaglerxvelocity]: Connected to database: jdbc:sqlite:eaglercraft_skins_cache.db
[08:30:32] [Velocity Async Event Executor - #0/WARN] [eaglerxvelocity]: Voice chat enabled, not recommended for public servers!
[08:30:34] [EaglerXVelocity: Network Tick Tasks/INFO] [eaglerxvelocity]: Loaded certificate: /workspaces/EaglerXVelocity/velocity/plugins/eaglerxvelocity/eagcert/$dl.ac3aaed1273ced06ef766ab055337fbf29dc3347.cert
[08:30:34] [EaglerXVelocity: Network Tick Tasks/INFO] [eaglerxvelocity]: Loaded certificate: /workspaces/EaglerXVelocity/velocity/plugins/eaglerxvelocity/eagcert/$dl.ba375b9add3c01ca11899be958188189a3885a59.cert
[08:30:38] [Velocity Async Event Executor - #0/INFO] [nlogin]: Successful plugin core start (took 1.01s)
[08:30:38] [Velocity Async Event Executor - #0/INFO] [com.velocitypowered.proxy.console.VelocityConsole]:           __             _       
[08:30:38] [Velocity Async Event Executor - #0/INFO] [com.velocitypowered.proxy.console.VelocityConsole]:   _ __   / /  ___   __ _(_)_ __  
[08:30:38] [Velocity Async Event Executor - #0/INFO] [com.velocitypowered.proxy.console.VelocityConsole]:  | '_ \ / /  / _ \ / _` | | '_ \ 
[08:30:38] [Velocity Async Event Executor - #0/INFO] [com.velocitypowered.proxy.console.VelocityConsole]:  | | | / /__| (_) | (_| | | | | |
[08:30:38] [Velocity Async Event Executor - #0/INFO] [com.velocitypowered.proxy.console.VelocityConsole]:  |_| |_\____/\___/ \__, |_|_| |_|
[08:30:38] [Velocity Async Event Executor - #0/INFO] [com.velocitypowered.proxy.console.VelocityConsole]:                   |___/            
[08:30:38] [Velocity Async Event Executor - #0/INFO] [com.velocitypowered.proxy.console.VelocityConsole]:  By: www.nickuc.com - V 10.3.27
[08:30:38] [Velocity Async Event Executor - #0/INFO] [com.velocitypowered.proxy.console.VelocityConsole]:  
[08:30:38] [Netty epoll Worker #0/INFO] [eaglerxvelocity]: [/[0:0:0:0:0:0:0:1%0]:38452]: Connected via websocket
[08:30:38] [Netty epoll Worker #0/INFO] [eaglerxvelocity]: [/[0:0:0:0:0:0:0:1%0]:38452]: Origin header is https://eaglercraft.com
[08:30:38] [Netty epoll Worker #0/INFO] [eaglerxvelocity]: [connected player] GX_ (/[0:0:0:0:0:0:0:1%0]:38452) has connected
[08:30:39] [Netty epoll Worker #0/INFO] [com.velocitypowered.proxy.connection.MinecraftConnection]: [server connection] GX_ -> lobby has connected
[08:30:40] [Netty epoll Worker #0/INFO] [com.velocitypowered.proxy.connection.client.ConnectedPlayer]: [connected player] GX_ (/[0:0:0:0:0:0:0:1%0]:38452) has disconnected: The server has not yet started completely.
Wait a while to connect.
[08:30:40] [Netty epoll Worker #0/INFO] [com.velocitypowered.proxy.connection.MinecraftConnection]: [server connection] GX_ -> lobby has disconnected
[08:30:41] [Netty epoll Boss #1/INFO] [com.velocitypowered.proxy.network.ConnectionManager]: Listening on /[0:0:0:0:0:0:0:0%0]:25577
[08:30:41] [main/INFO] [com.velocitypowered.proxy.Velocity]: Done (18.74s)!
[08:30:44] [Netty epoll Worker #1/INFO] [eaglerxvelocity]: [/[0:0:0:0:0:0:0:1%0]:38456]: Connected via websocket
[08:30:44] [Netty epoll Worker #1/INFO] [eaglerxvelocity]: [/[0:0:0:0:0:0:0:1%0]:38456]: Origin header is https://eaglercraft.com
[08:30:44] [Netty epoll Worker #1/INFO] [eaglerxvelocity]: [connected player] GX_ (/[0:0:0:0:0:0:0:1%0]:38456) has connected
[08:30:44] [Netty epoll Worker #1/INFO] [com.velocitypowered.proxy.connection.MinecraftConnection]: [server connection] GX_ -> lobby has connected
[08:30:45] [nLogin - Task Executor #0/INFO] [com.velocitypowered.proxy.console.VelocityConsole]: 
[08:30:46] [nLogin - Task Executor #0/INFO] [com.velocitypowered.proxy.console.VelocityConsole]:  Thank you so much for choosing nLogin! <3
[08:30:46] [nLogin - Task Executor #0/INFO] [com.velocitypowered.proxy.console.VelocityConsole]: 
[08:30:46] [nLogin - Task Executor #0/INFO] [com.velocitypowered.proxy.console.VelocityConsole]:  For your safety, please read the message below:
[08:30:46] [nLogin - Task Executor #0/INFO] [com.velocitypowered.proxy.console.VelocityConsole]:   Never download nLogin from unknown sources.
[08:30:46] [nLogin - Task Executor #0/INFO] [com.velocitypowered.proxy.console.VelocityConsole]:   A modified version may contain malicious software.
[08:30:46] [nLogin - Task Executor #0/INFO] [com.velocitypowered.proxy.console.VelocityConsole]: 
[08:30:46] [nLogin - Task Executor #0/INFO] [com.velocitypowered.proxy.console.VelocityConsole]:  Trusted sources:
[08:30:46] [nLogin - Task Executor #0/INFO] [com.velocitypowered.proxy.console.VelocityConsole]:   www.nickuc.com
[08:30:46] [nLogin - Task Executor #0/INFO] [com.velocitypowered.proxy.console.VelocityConsole]:   www.github.com/nickuc
[08:30:46] [nLogin - Task Executor #0/INFO] [com.velocitypowered.proxy.console.VelocityConsole]:   OpeNLogin installer (from Spigot or GitHub)
[08:30:46] [nLogin - Task Executor #0/INFO] [com.velocitypowered.proxy.console.VelocityConsole]: 
[08:30:46] [nLogin - Task Executor #0/INFO] [com.velocitypowered.proxy.console.VelocityConsole]:  Official support channels:
[08:30:46] [nLogin - Task Executor #0/INFO] [com.velocitypowered.proxy.console.VelocityConsole]:   Discord group: www.nickuc.com/discord
[08:30:46] [nLogin - Task Executor #0/INFO] [com.velocitypowered.proxy.console.VelocityConsole]:   Documentation: docs.nickuc.com/nlogin/
[08:30:46] [nLogin - Task Executor #0/INFO] [com.velocitypowered.proxy.console.VelocityConsole]:   Email: support@nickuc.com
[08:30:46] [nLogin - Task Executor #0/INFO] [com.velocitypowered.proxy.console.VelocityConsole]:   YouTube: youtube.com/nickuc
[08:30:46] [nLogin - Task Executor #0/INFO] [com.velocitypowered.proxy.console.VelocityConsole]: 
[08:30:46] [nLogin - Task Executor #0/INFO] [com.velocitypowered.proxy.console.VelocityConsole]:  To remove this warning, log in with "nlogin.admin" permission on the server
[08:30:46] [nLogin - Task Executor #0/INFO] [com.velocitypowered.proxy.console.VelocityConsole]:  and click the "Setup plugin" button to configure your plugin.
[08:30:46] [nLogin - Task Executor #0/INFO] [com.velocitypowered.proxy.console.VelocityConsole]: 
[08:30:51] [nLogin - Task Executor #0/INFO] [nlogin]: The user GX_ has successfully logged in.
[08:30:51] [Netty epoll Worker #1/INFO] [com.velocitypowered.proxy.connection.MinecraftConnection]: [server connection] GX_ -> survival has connected
[08:30:51] [Netty epoll Worker #1/INFO] [com.velocitypowered.proxy.connection.MinecraftConnection]: [server connection] GX_ -> lobby has disconnected
[08:59:07] [Netty epoll Worker #1/INFO] [com.velocitypowered.proxy.connection.MinecraftConnection]: [connected player] GX_ (/[0:0:0:0:0:0:0:1%0]:38456) has disconnected
[08:59:07] [Netty epoll Worker #1/INFO] [com.velocitypowered.proxy.connection.MinecraftConnection]: [server connection] GX_ -> survival has disconnected
[08:59:08] [Netty epoll Worker #0/WARN] [eaglerxvelocity]: Server icon is not a file: /workspaces/EaglerXVelocity/velocity/server-icon.png
[09:17:05] [Netty epoll Worker #3/INFO] [eaglerxvelocity]: [/[0:0:0:0:0:0:0:1%0]:33300]: Connected via websocket
[09:17:05] [Netty epoll Worker #3/INFO] [eaglerxvelocity]: [/[0:0:0:0:0:0:0:1%0]:33300]: Origin header is https://eaglercraft.com
[09:17:06] [Netty epoll Worker #3/INFO] [eaglerxvelocity]: [connected player] GX_ (/[0:0:0:0:0:0:0:1%0]:33300) has connected
[09:17:06] [Netty epoll Worker #3/INFO] [com.velocitypowered.proxy.connection.MinecraftConnection]: [server connection] GX_ -> lobby has connected
[09:17:10] [nLogin - Task Executor #1/INFO] [nlogin]: The user GX_ has successfully logged in.
[09:17:11] [Netty epoll Worker #3/INFO] [com.velocitypowered.proxy.connection.MinecraftConnection]: [server connection] GX_ -> survival has connected
[09:17:11] [Netty epoll Worker #3/INFO] [com.velocitypowered.proxy.connection.MinecraftConnection]: [server connection] GX_ -> lobby has disconnected
[09:24:54] [Netty epoll Worker #3/INFO] [com.velocitypowered.proxy.connection.client.ConnectedPlayer]: [connected player] GX_ (/[0:0:0:0:0:0:0:1%0]:33300): kicked from server survival: Server closed
[09:24:54] [Netty epoll Worker #3/INFO] [com.velocitypowered.proxy.connection.MinecraftConnection]: [server connection] GX_ -> survival has disconnected
[09:24:54] [Netty epoll Worker #3/INFO] [com.velocitypowered.proxy.connection.MinecraftConnection]: [server connection] GX_ -> lobby has connected
[09:26:19] [Netty epoll Worker #3/INFO] [com.velocitypowered.proxy.connection.client.ConnectedPlayer]: [connected player] GX_ (/[0:0:0:0:0:0:0:1%0]:33300) has disconnected: An internal error occurred in your connection.
[09:26:19] [Netty epoll Worker #3/ERROR] [com.velocitypowered.proxy.connection.MinecraftConnection]: [connected player] GX_ (/[0:0:0:0:0:0:0:1%0]:33300): read timed out
[09:26:19] [Netty epoll Worker #3/INFO] [com.velocitypowered.proxy.connection.MinecraftConnection]: [server connection] GX_ -> lobby has disconnected
